[28-Nov-2021 09:31:04 UTC] PHP Warning:  Undefined variable $name in /Users/agungjulianperkasa/Library/Mobile Documents/com~apple~CloudDocs/Code/src/ProgrammerZamanNow/belajar-php-dasar/VariableScope.php on line 5
[28-Nov-2021 14:19:48 UTC] PHP Warning:  foreach() argument must be of type array|object, null given in /Users/agungjulianperkasa/Library/Mobile Documents/com~apple~CloudDocs/Code/src/ProgrammerZamanNow/studi-kasus-php-dasar-aplikasi-todolist/Businesslogic/Showtodolist.php on line 13
[28-Nov-2021 14:21:41 UTC] PHP Fatal error:  Uncaught Error: Call to undefined function viewAddtodolist() in /Users/agungjulianperkasa/Library/Mobile Documents/com~apple~CloudDocs/Code/src/ProgrammerZamanNow/studi-kasus-php-dasar-aplikasi-todolist/View/Viewshowtodolist.php:23
Stack trace:
#0 /Users/agungjulianperkasa/Library/Mobile Documents/com~apple~CloudDocs/Code/src/ProgrammerZamanNow/studi-kasus-php-dasar-aplikasi-todolist/Test/TestViewShowTodolist.php(10): viewShowtodolist()
#1 {main}
  thrown in /Users/agungjulianperkasa/Library/Mobile Documents/com~apple~CloudDocs/Code/src/ProgrammerZamanNow/studi-kasus-php-dasar-aplikasi-todolist/View/Viewshowtodolist.php on line 23
[29-Nov-2021 13:21:37 UTC] PHP Fatal error:  Uncaught Error: Call to undefined function viewShowtodolist() in /Users/agungjulianperkasa/Library/Mobile Documents/com~apple~CloudDocs/Code/src/ProgrammerZamanNow/studi-kasus-php-dasar-aplikasi-todolist/Test/TestViewRemovetodolist.php:16
Stack trace:
#0 {main}
  thrown in /Users/agungjulianperkasa/Library/Mobile Documents/com~apple~CloudDocs/Code/src/ProgrammerZamanNow/studi-kasus-php-dasar-aplikasi-todolist/Test/TestViewRemovetodolist.php on line 16
[29-Nov-2021 13:22:35 UTC] PHP Parse error:  syntax error, unexpected identifier "viewRemovetodolist" in /Users/agungjulianperkasa/Library/Mobile Documents/com~apple~CloudDocs/Code/src/ProgrammerZamanNow/studi-kasus-php-dasar-aplikasi-todolist/Test/TestViewRemovetodolist.php on line 14
[29-Nov-2021 13:23:56 UTC] PHP Warning:  require_once(../helper/Input.php): Failed to open stream: No such file or directory in /Users/agungjulianperkasa/Library/Mobile Documents/com~apple~CloudDocs/Code/src/ProgrammerZamanNow/studi-kasus-php-dasar-aplikasi-todolist/View/Viewaddtodolist.php on line 3
[29-Nov-2021 13:23:56 UTC] PHP Fatal error:  Uncaught Error: Failed opening required '../helper/Input.php' (include_path='.:/opt/homebrew/Cellar/php/8.0.12/share/php/pear') in /Users/agungjulianperkasa/Library/Mobile Documents/com~apple~CloudDocs/Code/src/ProgrammerZamanNow/studi-kasus-php-dasar-aplikasi-todolist/View/Viewaddtodolist.php:3
Stack trace:
#0 /Users/agungjulianperkasa/Library/Mobile Documents/com~apple~CloudDocs/Code/src/ProgrammerZamanNow/studi-kasus-php-dasar-aplikasi-todolist/App.php(7): require_once()
#1 {main}
  thrown in /Users/agungjulianperkasa/Library/Mobile Documents/com~apple~CloudDocs/Code/src/ProgrammerZamanNow/studi-kasus-php-dasar-aplikasi-todolist/View/Viewaddtodolist.php on line 3
[18-Dec-2021 00:51:05 UTC] PHP Warning:  Unknown: Failed to open stream: No such file or directory in Unknown on line 0
[18-Dec-2021 00:51:05 UTC] PHP Fatal error:  Failed opening required '/Users/agungjulianperkasa/.composer/vendor/laravel/valet/server.php' (include_path='.:/opt/homebrew/Cellar/php/8.0.12/share/php/pear') in Unknown on line 0
[25-Dec-2021 15:57:27 UTC] PHP Warning:  require_once(/Users/agungjulianperkasa/Library/Mobile Documents/com~apple~CloudDocs/Code/src/ProgrammerZamanNow/studi-kasus-php-dasar-aplikasi-todolist/Test../Entity/Todolist.php): Failed to open stream: No such file or directory in /Users/agungjulianperkasa/Library/Mobile Documents/com~apple~CloudDocs/Code/src/ProgrammerZamanNow/studi-kasus-php-dasar-aplikasi-todolist/Test/TodolistServiceTest.php on line 3
[25-Dec-2021 15:57:27 UTC] PHP Fatal error:  Uncaught Error: Failed opening required '/Users/agungjulianperkasa/Library/Mobile Documents/com~apple~CloudDocs/Code/src/ProgrammerZamanNow/studi-kasus-php-dasar-aplikasi-todolist/Test../Entity/Todolist.php' (include_path='.:/opt/homebrew/Cellar/php/8.0.12/share/php/pear') in /Users/agungjulianperkasa/Library/Mobile Documents/com~apple~CloudDocs/Code/src/ProgrammerZamanNow/studi-kasus-php-dasar-aplikasi-todolist/Test/TodolistServiceTest.php:3
Stack trace:
#0 {main}
  thrown in /Users/agungjulianperkasa/Library/Mobile Documents/com~apple~CloudDocs/Code/src/ProgrammerZamanNow/studi-kasus-php-dasar-aplikasi-todolist/Test/TodolistServiceTest.php on line 3
[25-Dec-2021 15:57:48 UTC] PHP Fatal error:  Uncaught Error: Call to undefined method Repository\TodolistRepositoryImpl::showTodolist() in /Users/agungjulianperkasa/Library/Mobile Documents/com~apple~CloudDocs/Code/src/ProgrammerZamanNow/studi-kasus-php-dasar-aplikasi-todolist/Test/TodolistServiceTest.php:15
Stack trace:
#0 /Users/agungjulianperkasa/Library/Mobile Documents/com~apple~CloudDocs/Code/src/ProgrammerZamanNow/studi-kasus-php-dasar-aplikasi-todolist/Test/TodolistServiceTest.php(18): testShowTodolist()
#1 {main}
  thrown in /Users/agungjulianperkasa/Library/Mobile Documents/com~apple~CloudDocs/Code/src/ProgrammerZamanNow/studi-kasus-php-dasar-aplikasi-todolist/Test/TodolistServiceTest.php on line 15
[25-Dec-2021 15:58:58 UTC] PHP Fatal error:  Uncaught Error: Call to undefined method Repository\TodolistRepositoryImpl::showTodolist() in /Users/agungjulianperkasa/Library/Mobile Documents/com~apple~CloudDocs/Code/src/ProgrammerZamanNow/studi-kasus-php-dasar-aplikasi-todolist/Test/TodolistServiceTest.php:15
Stack trace:
#0 /Users/agungjulianperkasa/Library/Mobile Documents/com~apple~CloudDocs/Code/src/ProgrammerZamanNow/studi-kasus-php-dasar-aplikasi-todolist/Test/TodolistServiceTest.php(18): testShowTodolist()
#1 {main}
  thrown in /Users/agungjulianperkasa/Library/Mobile Documents/com~apple~CloudDocs/Code/src/ProgrammerZamanNow/studi-kasus-php-dasar-aplikasi-todolist/Test/TodolistServiceTest.php on line 15
[25-Dec-2021 15:59:01 UTC] PHP Fatal error:  Uncaught Error: Call to undefined method Repository\TodolistRepositoryImpl::showTodolist() in /Users/agungjulianperkasa/Library/Mobile Documents/com~apple~CloudDocs/Code/src/ProgrammerZamanNow/studi-kasus-php-dasar-aplikasi-todolist/Test/TodolistServiceTest.php:15
Stack trace:
#0 /Users/agungjulianperkasa/Library/Mobile Documents/com~apple~CloudDocs/Code/src/ProgrammerZamanNow/studi-kasus-php-dasar-aplikasi-todolist/Test/TodolistServiceTest.php(18): testShowTodolist()
#1 {main}
  thrown in /Users/agungjulianperkasa/Library/Mobile Documents/com~apple~CloudDocs/Code/src/ProgrammerZamanNow/studi-kasus-php-dasar-aplikasi-todolist/Test/TodolistServiceTest.php on line 15
[26-Dec-2021 05:25:13 UTC] PHP Fatal error:  Uncaught Error: Object of class Entity\Todolist could not be converted to string in /Users/agungjulianperkasa/Library/Mobile Documents/com~apple~CloudDocs/Code/src/ProgrammerZamanNow/studi-kasus-php-dasar-aplikasi-todolist/Service/TodolistService.php:31
Stack trace:
#0 /Users/agungjulianperkasa/Library/Mobile Documents/com~apple~CloudDocs/Code/src/ProgrammerZamanNow/studi-kasus-php-dasar-aplikasi-todolist/Test/TodolistServiceTest.php(28): Service\TodolistServiceImpl->showTodolist()
#1 /Users/agungjulianperkasa/Library/Mobile Documents/com~apple~CloudDocs/Code/src/ProgrammerZamanNow/studi-kasus-php-dasar-aplikasi-todolist/Test/TodolistServiceTest.php(31): testAddTodolist()
#2 {main}
  thrown in /Users/agungjulianperkasa/Library/Mobile Documents/com~apple~CloudDocs/Code/src/ProgrammerZamanNow/studi-kasus-php-dasar-aplikasi-todolist/Service/TodolistService.php on line 31
[26-Dec-2021 05:29:18 UTC] PHP Fatal error:  Uncaught Error: Object of class Entity\Todolist could not be converted to string in /Users/agungjulianperkasa/Library/Mobile Documents/com~apple~CloudDocs/Code/src/ProgrammerZamanNow/studi-kasus-php-dasar-aplikasi-todolist/Service/TodolistService.php:31
Stack trace:
#0 /Users/agungjulianperkasa/Library/Mobile Documents/com~apple~CloudDocs/Code/src/ProgrammerZamanNow/studi-kasus-php-dasar-aplikasi-todolist/Test/TodolistServiceTest.php(19): Service\TodolistServiceImpl->showTodolist()
#1 /Users/agungjulianperkasa/Library/Mobile Documents/com~apple~CloudDocs/Code/src/ProgrammerZamanNow/studi-kasus-php-dasar-aplikasi-todolist/Test/TodolistServiceTest.php(32): testShowTodolist()
#2 {main}
  thrown in /Users/agungjulianperkasa/Library/Mobile Documents/com~apple~CloudDocs/Code/src/ProgrammerZamanNow/studi-kasus-php-dasar-aplikasi-todolist/Service/TodolistService.php on line 31
[26-Dec-2021 13:41:43 UTC] PHP Warning:  Array to string conversion in /Users/agungjulianperkasa/Library/Mobile Documents/com~apple~CloudDocs/Code/src/ProgrammerZamanNow/belajar-php-dasar/TanpaNullCoalescing.php on line 10
[26-Dec-2021 14:39:03 UTC] PHP Parse error:  syntax error, unexpected token "public", expecting end of file in /Users/agungjulianperkasa/Library/Mobile Documents/com~apple~CloudDocs/Code/src/ProgrammerZamanNow/belajar-php-dasar/VariableFn.php on line 3
[26-Dec-2021 15:24:57 UTC] PHP Parse error:  syntax error, unexpected token ";", expecting ")" in /Users/agungjulianperkasa/Library/Mobile Documents/com~apple~CloudDocs/Code/src/ProgrammerZamanNow/belajar-php-dasar/CallbackFn.php on line 12
[26-Dec-2021 15:25:40 UTC] PHP Parse error:  syntax error, unexpected token ";", expecting ")" in /Users/agungjulianperkasa/Library/Mobile Documents/com~apple~CloudDocs/Code/src/ProgrammerZamanNow/belajar-php-dasar/CallbackFn.php on line 12
[26-Dec-2021 15:37:03 UTC] PHP Warning:  Undefined variable $counter in /Users/agungjulianperkasa/Library/Mobile Documents/com~apple~CloudDocs/Code/src/ProgrammerZamanNow/belajar-php-dasar/StaticScope.php on line 5
[26-Dec-2021 15:37:03 UTC] PHP Warning:  Undefined variable $counter in /Users/agungjulianperkasa/Library/Mobile Documents/com~apple~CloudDocs/Code/src/ProgrammerZamanNow/belajar-php-dasar/StaticScope.php on line 5
[26-Dec-2021 15:37:03 UTC] PHP Warning:  Undefined variable $counter in /Users/agungjulianperkasa/Library/Mobile Documents/com~apple~CloudDocs/Code/src/ProgrammerZamanNow/belajar-php-dasar/StaticScope.php on line 5
[26-Dec-2021 15:37:03 UTC] PHP Warning:  Undefined variable $counter in /Users/agungjulianperkasa/Library/Mobile Documents/com~apple~CloudDocs/Code/src/ProgrammerZamanNow/belajar-php-dasar/StaticScope.php on line 5
[27-Dec-2021 12:04:55 UTC] PHP Parse error:  syntax error, unexpected token "as" in /Users/agungjulianperkasa/Library/Mobile Documents/com~apple~CloudDocs/Code/src/ProgrammerZamanNow/belajar-php-dasar/Generator.php on line 11
[29-Dec-2021 04:31:26 UTC] PHP Fatal error:  Uncaught TypeError: Unsupported operand types: string + int in /Users/agungjulianperkasa/Library/Mobile Documents/com~apple~CloudDocs/Code/src/ProgrammerZamanNow/studi kasus - app to do list/BusinessLogic/RemoveTodolist.php:10
Stack trace:
#0 /Users/agungjulianperkasa/Library/Mobile Documents/com~apple~CloudDocs/Code/src/ProgrammerZamanNow/studi kasus - app to do list/Test/TestRemoveTodolist.php(13): removeTodolist(2)
#1 {main}
  thrown in /Users/agungjulianperkasa/Library/Mobile Documents/com~apple~CloudDocs/Code/src/ProgrammerZamanNow/studi kasus - app to do list/BusinessLogic/RemoveTodolist.php on line 10
[29-Dec-2021 04:31:42 UTC] PHP Fatal error:  Uncaught TypeError: Unsupported operand types: string + int in /Users/agungjulianperkasa/Library/Mobile Documents/com~apple~CloudDocs/Code/src/ProgrammerZamanNow/studi kasus - app to do list/BusinessLogic/RemoveTodolist.php:10
Stack trace:
#0 /Users/agungjulianperkasa/Library/Mobile Documents/com~apple~CloudDocs/Code/src/ProgrammerZamanNow/studi kasus - app to do list/Test/TestRemoveTodolist.php(13): removeTodolist(2)
#1 {main}
  thrown in /Users/agungjulianperkasa/Library/Mobile Documents/com~apple~CloudDocs/Code/src/ProgrammerZamanNow/studi kasus - app to do list/BusinessLogic/RemoveTodolist.php on line 10
[29-Dec-2021 04:31:47 UTC] PHP Fatal error:  Uncaught TypeError: Unsupported operand types: string + int in /Users/agungjulianperkasa/Library/Mobile Documents/com~apple~CloudDocs/Code/src/ProgrammerZamanNow/studi kasus - app to do list/BusinessLogic/RemoveTodolist.php:10
Stack trace:
#0 /Users/agungjulianperkasa/Library/Mobile Documents/com~apple~CloudDocs/Code/src/ProgrammerZamanNow/studi kasus - app to do list/Test/TestRemoveTodolist.php(13): removeTodolist('2')
#1 {main}
  thrown in /Users/agungjulianperkasa/Library/Mobile Documents/com~apple~CloudDocs/Code/src/ProgrammerZamanNow/studi kasus - app to do list/BusinessLogic/RemoveTodolist.php on line 10
[29-Dec-2021 04:32:00 UTC] PHP Fatal error:  Uncaught TypeError: Unsupported operand types: string + int in /Users/agungjulianperkasa/Library/Mobile Documents/com~apple~CloudDocs/Code/src/ProgrammerZamanNow/studi kasus - app to do list/BusinessLogic/RemoveTodolist.php:10
Stack trace:
#0 /Users/agungjulianperkasa/Library/Mobile Documents/com~apple~CloudDocs/Code/src/ProgrammerZamanNow/studi kasus - app to do list/Test/TestRemoveTodolist.php(13): removeTodolist(1)
#1 {main}
  thrown in /Users/agungjulianperkasa/Library/Mobile Documents/com~apple~CloudDocs/Code/src/ProgrammerZamanNow/studi kasus - app to do list/BusinessLogic/RemoveTodolist.php on line 10
[29-Dec-2021 05:24:15 UTC] PHP Warning:  require_once(/Users/agungjulianperkasa/Library/Mobile Documents/com~apple~CloudDocs/Code/src/ProgrammerZamanNow/studi kasus - app to do list/ViewViewShowTodolist.php): Failed to open stream: No such file or directory in /Users/agungjulianperkasa/Library/Mobile Documents/com~apple~CloudDocs/Code/src/ProgrammerZamanNow/studi kasus - app to do list/View/ViewAddTodolist.php on line 3
[29-Dec-2021 05:24:15 UTC] PHP Fatal error:  Uncaught Error: Failed opening required '/Users/agungjulianperkasa/Library/Mobile Documents/com~apple~CloudDocs/Code/src/ProgrammerZamanNow/studi kasus - app to do list/ViewViewShowTodolist.php' (include_path='.:/opt/homebrew/Cellar/php/8.0.12/share/php/pear') in /Users/agungjulianperkasa/Library/Mobile Documents/com~apple~CloudDocs/Code/src/ProgrammerZamanNow/studi kasus - app to do list/View/ViewAddTodolist.php:3
Stack trace:
#0 /Users/agungjulianperkasa/Library/Mobile Documents/com~apple~CloudDocs/Code/src/ProgrammerZamanNow/studi kasus - app to do list/Test/TestViewAddTodolist.php(3): require_once()
#1 {main}
  thrown in /Users/agungjulianperkasa/Library/Mobile Documents/com~apple~CloudDocs/Code/src/ProgrammerZamanNow/studi kasus - app to do list/View/ViewAddTodolist.php on line 3
[29-Dec-2021 05:27:25 UTC] PHP Warning:  require_once(/Users/agungjulianperkasa/Library/Mobile Documents/com~apple~CloudDocs/Code/src/ProgrammerZamanNow/studi kasus - app to do list/ViewViewShowTodolist.php): Failed to open stream: No such file or directory in /Users/agungjulianperkasa/Library/Mobile Documents/com~apple~CloudDocs/Code/src/ProgrammerZamanNow/studi kasus - app to do list/View/ViewAddTodolist.php on line 3
[29-Dec-2021 05:27:25 UTC] PHP Fatal error:  Uncaught Error: Failed opening required '/Users/agungjulianperkasa/Library/Mobile Documents/com~apple~CloudDocs/Code/src/ProgrammerZamanNow/studi kasus - app to do list/ViewViewShowTodolist.php' (include_path='.:/opt/homebrew/Cellar/php/8.0.12/share/php/pear') in /Users/agungjulianperkasa/Library/Mobile Documents/com~apple~CloudDocs/Code/src/ProgrammerZamanNow/studi kasus - app to do list/View/ViewAddTodolist.php:3
Stack trace:
#0 /Users/agungjulianperkasa/Library/Mobile Documents/com~apple~CloudDocs/Code/src/ProgrammerZamanNow/studi kasus - app to do list/Test/TestViewAddTodolist.php(3): require_once()
#1 {main}
  thrown in /Users/agungjulianperkasa/Library/Mobile Documents/com~apple~CloudDocs/Code/src/ProgrammerZamanNow/studi kasus - app to do list/View/ViewAddTodolist.php on line 3
[29-Dec-2021 05:27:58 UTC] PHP Warning:  require_once(/Users/agungjulianperkasa/Library/Mobile Documents/com~apple~CloudDocs/Code/src/ProgrammerZamanNow/studi kasus - app to do list/ViewViewShowTodolist.php): Failed to open stream: No such file or directory in /Users/agungjulianperkasa/Library/Mobile Documents/com~apple~CloudDocs/Code/src/ProgrammerZamanNow/studi kasus - app to do list/View/ViewAddTodolist.php on line 3
[29-Dec-2021 05:27:58 UTC] PHP Fatal error:  Uncaught Error: Failed opening required '/Users/agungjulianperkasa/Library/Mobile Documents/com~apple~CloudDocs/Code/src/ProgrammerZamanNow/studi kasus - app to do list/ViewViewShowTodolist.php' (include_path='.:/opt/homebrew/Cellar/php/8.0.12/share/php/pear') in /Users/agungjulianperkasa/Library/Mobile Documents/com~apple~CloudDocs/Code/src/ProgrammerZamanNow/studi kasus - app to do list/View/ViewAddTodolist.php:3
Stack trace:
#0 /Users/agungjulianperkasa/Library/Mobile Documents/com~apple~CloudDocs/Code/src/ProgrammerZamanNow/studi kasus - app to do list/Test/TestViewAddTodolist.php(3): require_once()
#1 {main}
  thrown in /Users/agungjulianperkasa/Library/Mobile Documents/com~apple~CloudDocs/Code/src/ProgrammerZamanNow/studi kasus - app to do list/View/ViewAddTodolist.php on line 3
[29-Dec-2021 05:29:30 UTC] PHP Warning:  require_once(/Users/agungjulianperkasa/Library/Mobile Documents/com~apple~CloudDocs/Code/src/ProgrammerZamanNow/studi kasus - app to do list/ViewView/ViewShowTodolist.php): Failed to open stream: No such file or directory in /Users/agungjulianperkasa/Library/Mobile Documents/com~apple~CloudDocs/Code/src/ProgrammerZamanNow/studi kasus - app to do list/View/ViewAddTodolist.php on line 3
[29-Dec-2021 05:29:30 UTC] PHP Fatal error:  Uncaught Error: Failed opening required '/Users/agungjulianperkasa/Library/Mobile Documents/com~apple~CloudDocs/Code/src/ProgrammerZamanNow/studi kasus - app to do list/ViewView/ViewShowTodolist.php' (include_path='.:/opt/homebrew/Cellar/php/8.0.12/share/php/pear') in /Users/agungjulianperkasa/Library/Mobile Documents/com~apple~CloudDocs/Code/src/ProgrammerZamanNow/studi kasus - app to do list/View/ViewAddTodolist.php:3
Stack trace:
#0 /Users/agungjulianperkasa/Library/Mobile Documents/com~apple~CloudDocs/Code/src/ProgrammerZamanNow/studi kasus - app to do list/Test/TestViewAddTodolist.php(3): require_once()
#1 {main}
  thrown in /Users/agungjulianperkasa/Library/Mobile Documents/com~apple~CloudDocs/Code/src/ProgrammerZamanNow/studi kasus - app to do list/View/ViewAddTodolist.php on line 3
[29-Dec-2021 05:31:00 UTC] PHP Warning:  require_once(/Users/agungjulianperkasa/Library/Mobile Documents/com~apple~CloudDocs/Code/src/ProgrammerZamanNow/studi kasus - app to do list/ViewView/ViewShowTodolist.php): Failed to open stream: No such file or directory in /Users/agungjulianperkasa/Library/Mobile Documents/com~apple~CloudDocs/Code/src/ProgrammerZamanNow/studi kasus - app to do list/View/ViewAddTodolist.php on line 3
[29-Dec-2021 05:31:00 UTC] PHP Fatal error:  Uncaught Error: Failed opening required '/Users/agungjulianperkasa/Library/Mobile Documents/com~apple~CloudDocs/Code/src/ProgrammerZamanNow/studi kasus - app to do list/ViewView/ViewShowTodolist.php' (include_path='.:/opt/homebrew/Cellar/php/8.0.12/share/php/pear') in /Users/agungjulianperkasa/Library/Mobile Documents/com~apple~CloudDocs/Code/src/ProgrammerZamanNow/studi kasus - app to do list/View/ViewAddTodolist.php:3
Stack trace:
#0 /Users/agungjulianperkasa/Library/Mobile Documents/com~apple~CloudDocs/Code/src/ProgrammerZamanNow/studi kasus - app to do list/Test/TestViewAddTodolist.php(3): require_once()
#1 {main}
  thrown in /Users/agungjulianperkasa/Library/Mobile Documents/com~apple~CloudDocs/Code/src/ProgrammerZamanNow/studi kasus - app to do list/View/ViewAddTodolist.php on line 3
[29-Dec-2021 05:31:38 UTC] PHP Warning:  require_once(/Users/agungjulianperkasa/Library/Mobile Documents/com~apple~CloudDocs/Code/src/ProgrammerZamanNow/studi kasus - app to do list/ViewView/ViewShowTodolist.php): Failed to open stream: No such file or directory in /Users/agungjulianperkasa/Library/Mobile Documents/com~apple~CloudDocs/Code/src/ProgrammerZamanNow/studi kasus - app to do list/View/ViewAddTodolist.php on line 3
[29-Dec-2021 05:31:38 UTC] PHP Fatal error:  Uncaught Error: Failed opening required '/Users/agungjulianperkasa/Library/Mobile Documents/com~apple~CloudDocs/Code/src/ProgrammerZamanNow/studi kasus - app to do list/ViewView/ViewShowTodolist.php' (include_path='.:/opt/homebrew/Cellar/php/8.0.12/share/php/pear') in /Users/agungjulianperkasa/Library/Mobile Documents/com~apple~CloudDocs/Code/src/ProgrammerZamanNow/studi kasus - app to do list/View/ViewAddTodolist.php:3
Stack trace:
#0 /Users/agungjulianperkasa/Library/Mobile Documents/com~apple~CloudDocs/Code/src/ProgrammerZamanNow/studi kasus - app to do list/Test/TestViewAddTodolist.php(3): require_once()
#1 {main}
  thrown in /Users/agungjulianperkasa/Library/Mobile Documents/com~apple~CloudDocs/Code/src/ProgrammerZamanNow/studi kasus - app to do list/View/ViewAddTodolist.php on line 3
[29-Dec-2021 05:32:55 UTC] PHP Warning:  require_once(/Users/agungjulianperkasa/Library/Mobile Documents/com~apple~CloudDocs/Code/src/ProgrammerZamanNow/studi kasus - app to do list/ViewView/ViewShowTodolist.php): Failed to open stream: No such file or directory in /Users/agungjulianperkasa/Library/Mobile Documents/com~apple~CloudDocs/Code/src/ProgrammerZamanNow/studi kasus - app to do list/View/ViewAddTodolist.php on line 3
[29-Dec-2021 05:32:55 UTC] PHP Fatal error:  Uncaught Error: Failed opening required '/Users/agungjulianperkasa/Library/Mobile Documents/com~apple~CloudDocs/Code/src/ProgrammerZamanNow/studi kasus - app to do list/ViewView/ViewShowTodolist.php' (include_path='.:/opt/homebrew/Cellar/php/8.0.12/share/php/pear') in /Users/agungjulianperkasa/Library/Mobile Documents/com~apple~CloudDocs/Code/src/ProgrammerZamanNow/studi kasus - app to do list/View/ViewAddTodolist.php:3
Stack trace:
#0 /Users/agungjulianperkasa/Library/Mobile Documents/com~apple~CloudDocs/Code/src/ProgrammerZamanNow/studi kasus - app to do list/Test/TestViewAddTodolist.php(3): require_once()
#1 {main}
  thrown in /Users/agungjulianperkasa/Library/Mobile Documents/com~apple~CloudDocs/Code/src/ProgrammerZamanNow/studi kasus - app to do list/View/ViewAddTodolist.php on line 3
[29-Dec-2021 05:37:53 UTC] PHP Warning:  require_once(/Users/agungjulianperkasa/Library/Mobile Documents/com~apple~CloudDocs/Code/src/ProgrammerZamanNow/studi kasus - app to do list/View../ViewShowTodolist.php): Failed to open stream: No such file or directory in /Users/agungjulianperkasa/Library/Mobile Documents/com~apple~CloudDocs/Code/src/ProgrammerZamanNow/studi kasus - app to do list/View/ViewAddTodolist.php on line 3
[29-Dec-2021 05:37:53 UTC] PHP Fatal error:  Uncaught Error: Failed opening required '/Users/agungjulianperkasa/Library/Mobile Documents/com~apple~CloudDocs/Code/src/ProgrammerZamanNow/studi kasus - app to do list/View../ViewShowTodolist.php' (include_path='.:/opt/homebrew/Cellar/php/8.0.12/share/php/pear') in /Users/agungjulianperkasa/Library/Mobile Documents/com~apple~CloudDocs/Code/src/ProgrammerZamanNow/studi kasus - app to do list/View/ViewAddTodolist.php:3
Stack trace:
#0 /Users/agungjulianperkasa/Library/Mobile Documents/com~apple~CloudDocs/Code/src/ProgrammerZamanNow/studi kasus - app to do list/Test/TestViewAddTodolist.php(3): require_once()
#1 {main}
  thrown in /Users/agungjulianperkasa/Library/Mobile Documents/com~apple~CloudDocs/Code/src/ProgrammerZamanNow/studi kasus - app to do list/View/ViewAddTodolist.php on line 3
[29-Dec-2021 05:38:22 UTC] PHP Warning:  require_once(/Users/agungjulianperkasa/Library/Mobile Documents/com~apple~CloudDocs/Code/src/ProgrammerZamanNow/studi kasus - app to do list/View../BusinessLogic/AddTodolist.php): Failed to open stream: No such file or directory in /Users/agungjulianperkasa/Library/Mobile Documents/com~apple~CloudDocs/Code/src/ProgrammerZamanNow/studi kasus - app to do list/View/ViewAddTodolist.php on line 4
[29-Dec-2021 05:38:22 UTC] PHP Fatal error:  Uncaught Error: Failed opening required '/Users/agungjulianperkasa/Library/Mobile Documents/com~apple~CloudDocs/Code/src/ProgrammerZamanNow/studi kasus - app to do list/View../BusinessLogic/AddTodolist.php' (include_path='.:/opt/homebrew/Cellar/php/8.0.12/share/php/pear') in /Users/agungjulianperkasa/Library/Mobile Documents/com~apple~CloudDocs/Code/src/ProgrammerZamanNow/studi kasus - app to do list/View/ViewAddTodolist.php:4
Stack trace:
#0 /Users/agungjulianperkasa/Library/Mobile Documents/com~apple~CloudDocs/Code/src/ProgrammerZamanNow/studi kasus - app to do list/Test/TestViewAddTodolist.php(3): require_once()
#1 {main}
  thrown in /Users/agungjulianperkasa/Library/Mobile Documents/com~apple~CloudDocs/Code/src/ProgrammerZamanNow/studi kasus - app to do list/View/ViewAddTodolist.php on line 4
[29-Dec-2021 05:41:11 UTC] PHP Warning:  require_once(/Users/agungjulianperkasa/Library/Mobile Documents/com~apple~CloudDocs/Code/src/ProgrammerZamanNow/studi kasus - app to do list/View../BusinessLogic/AddTodolist.php): Failed to open stream: No such file or directory in /Users/agungjulianperkasa/Library/Mobile Documents/com~apple~CloudDocs/Code/src/ProgrammerZamanNow/studi kasus - app to do list/View/ViewAddTodolist.php on line 4
[29-Dec-2021 05:41:11 UTC] PHP Fatal error:  Uncaught Error: Failed opening required '/Users/agungjulianperkasa/Library/Mobile Documents/com~apple~CloudDocs/Code/src/ProgrammerZamanNow/studi kasus - app to do list/View../BusinessLogic/AddTodolist.php' (include_path='.:/opt/homebrew/Cellar/php/8.0.12/share/php/pear') in /Users/agungjulianperkasa/Library/Mobile Documents/com~apple~CloudDocs/Code/src/ProgrammerZamanNow/studi kasus - app to do list/View/ViewAddTodolist.php:4
Stack trace:
#0 /Users/agungjulianperkasa/Library/Mobile Documents/com~apple~CloudDocs/Code/src/ProgrammerZamanNow/studi kasus - app to do list/Test/TestViewAddTodolist.php(3): require_once()
#1 {main}
  thrown in /Users/agungjulianperkasa/Library/Mobile Documents/com~apple~CloudDocs/Code/src/ProgrammerZamanNow/studi kasus - app to do list/View/ViewAddTodolist.php on line 4
[29-Dec-2021 05:50:31 UTC] PHP Warning:  require_once(/Users/agungjulianperkasa/Library/Mobile Documents/com~apple~CloudDocs/Code/src/ProgrammerZamanNow/studi kasus - app to do listView/ViewShowTodolist.php): Failed to open stream: No such file or directory in /Users/agungjulianperkasa/Library/Mobile Documents/com~apple~CloudDocs/Code/src/ProgrammerZamanNow/studi kasus - app to do list/App.php on line 7
[29-Dec-2021 05:50:31 UTC] PHP Fatal error:  Uncaught Error: Failed opening required '/Users/agungjulianperkasa/Library/Mobile Documents/com~apple~CloudDocs/Code/src/ProgrammerZamanNow/studi kasus - app to do listView/ViewShowTodolist.php' (include_path='.:/opt/homebrew/Cellar/php/8.0.12/share/php/pear') in /Users/agungjulianperkasa/Library/Mobile Documents/com~apple~CloudDocs/Code/src/ProgrammerZamanNow/studi kasus - app to do list/App.php:7
Stack trace:
#0 {main}
  thrown in /Users/agungjulianperkasa/Library/Mobile Documents/com~apple~CloudDocs/Code/src/ProgrammerZamanNow/studi kasus - app to do list/App.php on line 7
[30-Dec-2021 14:46:09 UTC] PHP Fatal error:  Uncaught Error: Object of class Entity\Todolist could not be converted to string in /Users/agungjulianperkasa/Git/ProgrammerZamanNow/studi-kasus-php-oop-aplikasi-todolist/Service/TodolistService.php:34
Stack trace:
#0 /Users/agungjulianperkasa/Git/ProgrammerZamanNow/studi-kasus-php-oop-aplikasi-todolist/View/TodolistView.php(25): Service\TodolistServiceImpl->showTodolist()
#1 /Users/agungjulianperkasa/Git/ProgrammerZamanNow/studi-kasus-php-oop-aplikasi-todolist/App.php(19): View\TodolistView->showTodolist()
#2 {main}
  thrown in /Users/agungjulianperkasa/Git/ProgrammerZamanNow/studi-kasus-php-oop-aplikasi-todolist/Service/TodolistService.php on line 34
[10-Apr-2022 10:35:10 UTC] PHP Parse error:  syntax error, unexpected end of file, expecting "," or ";" in /Users/agungjulianperkasa/Library/Mobile Documents/com~apple~CloudDocs/Development/ProgrammerZamanNow/20220410-belajar-php-dasar/4_TipeDataString.php on line 3
[10-Apr-2022 14:11:32 UTC] PHP Warning:  Undefined variable $contoh in /Users/agungjulianperkasa/Library/Mobile Documents/com~apple~CloudDocs/Development/ProgrammerZamanNow/20220410-belajar-php-dasar/7_TipeDataNull.php on line 19
[11-Apr-2022 06:36:54 UTC] PHP Fatal error:  Uncaught Error: Undefined constant "tru" in /Users/agungjulianperkasa/Library/Mobile Documents/com~apple~CloudDocs/Development/ProgrammerZamanNow/20220410-belajar-php-dasar/12_OperatorLogika.php:3
Stack trace:
#0 {main}
  thrown in /Users/agungjulianperkasa/Library/Mobile Documents/com~apple~CloudDocs/Development/ProgrammerZamanNow/20220410-belajar-php-dasar/12_OperatorLogika.php on line 3
[11-Apr-2022 06:43:30 UTC] PHP Parse error:  syntax error, unexpected identifier "var_dump" in /Users/agungjulianperkasa/Library/Mobile Documents/com~apple~CloudDocs/Development/ProgrammerZamanNow/20220410-belajar-php-dasar/13_IncrementDecrement.php on line 4
[11-Apr-2022 06:43:33 UTC] PHP Parse error:  syntax error, unexpected identifier "var_dump" in /Users/agungjulianperkasa/Library/Mobile Documents/com~apple~CloudDocs/Development/ProgrammerZamanNow/20220410-belajar-php-dasar/13_IncrementDecrement.php on line 4
[11-Apr-2022 06:43:44 UTC] PHP Parse error:  syntax error, unexpected token "++", expecting variable or "{" or "$" in /Users/agungjulianperkasa/Library/Mobile Documents/com~apple~CloudDocs/Development/ProgrammerZamanNow/20220410-belajar-php-dasar/13_IncrementDecrement.php on line 3
[11-Apr-2022 08:36:19 UTC] PHP Parse error:  syntax error, unexpected identifier "sayHello" in /Users/agungjulianperkasa/Library/Mobile Documents/com~apple~CloudDocs/Development/ProgrammerZamanNow/20220410-belajar-php-dasar/28_FunctionArgument.php on line 3
[11-Apr-2022 08:42:39 UTC] PHP Deprecated:  Required parameter $lastname follows optional parameter $name in /Users/agungjulianperkasa/Library/Mobile Documents/com~apple~CloudDocs/Development/ProgrammerZamanNow/20220410-belajar-php-dasar/28_FunctionArgument.php on line 3
[11-Apr-2022 08:42:39 UTC] PHP Fatal error:  Uncaught ArgumentCountError: Too few arguments to function sayHello(), 1 passed in /Users/agungjulianperkasa/Library/Mobile Documents/com~apple~CloudDocs/Development/ProgrammerZamanNow/20220410-belajar-php-dasar/28_FunctionArgument.php on line 7 and exactly 2 expected in /Users/agungjulianperkasa/Library/Mobile Documents/com~apple~CloudDocs/Development/ProgrammerZamanNow/20220410-belajar-php-dasar/28_FunctionArgument.php:3
Stack trace:
#0 /Users/agungjulianperkasa/Library/Mobile Documents/com~apple~CloudDocs/Development/ProgrammerZamanNow/20220410-belajar-php-dasar/28_FunctionArgument.php(7): sayHello('Agung Julian Pe...')
#1 {main}
  thrown in /Users/agungjulianperkasa/Library/Mobile Documents/com~apple~CloudDocs/Development/ProgrammerZamanNow/20220410-belajar-php-dasar/28_FunctionArgument.php on line 3
[11-Apr-2022 08:43:16 UTC] PHP Deprecated:  Required parameter $lastname follows optional parameter $name in /Users/agungjulianperkasa/Library/Mobile Documents/com~apple~CloudDocs/Development/ProgrammerZamanNow/20220410-belajar-php-dasar/28_FunctionArgument.php on line 3
[11-Apr-2022 08:43:16 UTC] PHP Fatal error:  Uncaught ArgumentCountError: Too few arguments to function sayHello(), 0 passed in /Users/agungjulianperkasa/Library/Mobile Documents/com~apple~CloudDocs/Development/ProgrammerZamanNow/20220410-belajar-php-dasar/28_FunctionArgument.php on line 8 and exactly 2 expected in /Users/agungjulianperkasa/Library/Mobile Documents/com~apple~CloudDocs/Development/ProgrammerZamanNow/20220410-belajar-php-dasar/28_FunctionArgument.php:3
Stack trace:
#0 /Users/agungjulianperkasa/Library/Mobile Documents/com~apple~CloudDocs/Development/ProgrammerZamanNow/20220410-belajar-php-dasar/28_FunctionArgument.php(8): sayHello()
#1 {main}
  thrown in /Users/agungjulianperkasa/Library/Mobile Documents/com~apple~CloudDocs/Development/ProgrammerZamanNow/20220410-belajar-php-dasar/28_FunctionArgument.php on line 3
[11-Apr-2022 08:45:02 UTC] PHP Deprecated:  Required parameter $lastname follows optional parameter $name in /Users/agungjulianperkasa/Library/Mobile Documents/com~apple~CloudDocs/Development/ProgrammerZamanNow/20220410-belajar-php-dasar/28_FunctionArgument.php on line 3
[11-Apr-2022 08:50:09 UTC] PHP Deprecated:  Required parameter $lastname follows optional parameter $name in /Users/agungjulianperkasa/Library/Mobile Documents/com~apple~CloudDocs/Development/ProgrammerZamanNow/20220410-belajar-php-dasar/28_FunctionArgument.php on line 3
[11-Apr-2022 08:50:09 UTC] PHP Fatal error:  Uncaught TypeError: implode(): Argument #2 ($array) must be of type ?array, int given in /Users/agungjulianperkasa/Library/Mobile Documents/com~apple~CloudDocs/Development/ProgrammerZamanNow/20220410-belajar-php-dasar/28_FunctionArgument.php:26
Stack trace:
#0 /Users/agungjulianperkasa/Library/Mobile Documents/com~apple~CloudDocs/Development/ProgrammerZamanNow/20220410-belajar-php-dasar/28_FunctionArgument.php(26): implode('.', 10)
#1 /Users/agungjulianperkasa/Library/Mobile Documents/com~apple~CloudDocs/Development/ProgrammerZamanNow/20220410-belajar-php-dasar/28_FunctionArgument.php(29): sumAll(10, 10, 10)
#2 {main}
  thrown in /Users/agungjulianperkasa/Library/Mobile Documents/com~apple~CloudDocs/Development/ProgrammerZamanNow/20220410-belajar-php-dasar/28_FunctionArgument.php on line 26
[11-Apr-2022 08:50:24 UTC] PHP Deprecated:  Required parameter $lastname follows optional parameter $name in /Users/agungjulianperkasa/Library/Mobile Documents/com~apple~CloudDocs/Development/ProgrammerZamanNow/20220410-belajar-php-dasar/28_FunctionArgument.php on line 3
[13-Apr-2022 09:39:26 UTC] PHP Warning:  require_once(/Users/agungjulianperkasa/Library/Mobile Documents/com~apple~CloudDocs/Development/ProgrammerZamanNow/20220413-studi-kasus-php-oop-aplikasi-todolist/Test../Service/TodolistService.php): Failed to open stream: No such file or directory in /Users/agungjulianperkasa/Library/Mobile Documents/com~apple~CloudDocs/Development/ProgrammerZamanNow/20220413-studi-kasus-php-oop-aplikasi-todolist/Test/TodolistServiceTest.php on line 2
[13-Apr-2022 09:39:26 UTC] PHP Fatal error:  Uncaught Error: Failed opening required '/Users/agungjulianperkasa/Library/Mobile Documents/com~apple~CloudDocs/Development/ProgrammerZamanNow/20220413-studi-kasus-php-oop-aplikasi-todolist/Test../Service/TodolistService.php' (include_path='.:/opt/homebrew/Cellar/php/8.0.12/share/php/pear') in /Users/agungjulianperkasa/Library/Mobile Documents/com~apple~CloudDocs/Development/ProgrammerZamanNow/20220413-studi-kasus-php-oop-aplikasi-todolist/Test/TodolistServiceTest.php:2
Stack trace:
#0 {main}
  thrown in /Users/agungjulianperkasa/Library/Mobile Documents/com~apple~CloudDocs/Development/ProgrammerZamanNow/20220413-studi-kasus-php-oop-aplikasi-todolist/Test/TodolistServiceTest.php on line 2
[13-Apr-2022 09:39:51 UTC] PHP Warning:  "boolean" will be interpreted as a class name. Did you mean "bool"? Write "\Repository\boolean" or import the class with "use" to suppress this warning in /Users/agungjulianperkasa/Library/Mobile Documents/com~apple~CloudDocs/Development/ProgrammerZamanNow/20220413-studi-kasus-php-oop-aplikasi-todolist/Repository/TodolistRepository.php on line 10
[13-Apr-2022 09:39:51 UTC] PHP Fatal error:  Declaration of Repository\TodolistRepositoryImpl::remove(int $number): bool must be compatible with Repository\TodolistRepository::remove(int $number): Repository\boolean in /Users/agungjulianperkasa/Library/Mobile Documents/com~apple~CloudDocs/Development/ProgrammerZamanNow/20220413-studi-kasus-php-oop-aplikasi-todolist/Repository/TodolistRepository.php on line 24
[13-Apr-2022 09:40:24 UTC] PHP Warning:  "boolean" will be interpreted as a class name. Did you mean "bool"? Write "\Repository\boolean" or import the class with "use" to suppress this warning in /Users/agungjulianperkasa/Library/Mobile Documents/com~apple~CloudDocs/Development/ProgrammerZamanNow/20220413-studi-kasus-php-oop-aplikasi-todolist/Repository/TodolistRepository.php on line 10
[13-Apr-2022 09:40:24 UTC] PHP Fatal error:  Declaration of Repository\TodolistRepositoryImpl::remove(int $number): bool must be compatible with Repository\TodolistRepository::remove(int $number): Repository\boolean in /Users/agungjulianperkasa/Library/Mobile Documents/com~apple~CloudDocs/Development/ProgrammerZamanNow/20220413-studi-kasus-php-oop-aplikasi-todolist/Repository/TodolistRepository.php on line 24
[13-Apr-2022 09:41:49 UTC] PHP Warning:  "boolean" will be interpreted as a class name. Did you mean "bool"? Write "\Repository\boolean" or import the class with "use" to suppress this warning in /Users/agungjulianperkasa/Library/Mobile Documents/com~apple~CloudDocs/Development/ProgrammerZamanNow/20220413-studi-kasus-php-oop-aplikasi-todolist/Repository/TodolistRepository.php on line 10
[13-Apr-2022 09:41:49 UTC] PHP Fatal error:  Declaration of Repository\TodolistRepositoryImpl::remove(int $number): bool must be compatible with Repository\TodolistRepository::remove(int $number): Repository\boolean in /Users/agungjulianperkasa/Library/Mobile Documents/com~apple~CloudDocs/Development/ProgrammerZamanNow/20220413-studi-kasus-php-oop-aplikasi-todolist/Repository/TodolistRepository.php on line 24
[13-Apr-2022 09:55:42 UTC] PHP Fatal error:  Uncaught Error: Object of class Entity\Todolist could not be converted to string in /Users/agungjulianperkasa/Library/Mobile Documents/com~apple~CloudDocs/Development/ProgrammerZamanNow/20220413-studi-kasus-php-oop-aplikasi-todolist/Service/TodolistService.php:30
Stack trace:
#0 /Users/agungjulianperkasa/Library/Mobile Documents/com~apple~CloudDocs/Development/ProgrammerZamanNow/20220413-studi-kasus-php-oop-aplikasi-todolist/Test/TodolistServiceTest.php(30): Service\TodolistServiceImpl->showTodolist()
#1 /Users/agungjulianperkasa/Library/Mobile Documents/com~apple~CloudDocs/Development/ProgrammerZamanNow/20220413-studi-kasus-php-oop-aplikasi-todolist/Test/TodolistServiceTest.php(35): testAddTodolist()
#2 {main}
  thrown in /Users/agungjulianperkasa/Library/Mobile Documents/com~apple~CloudDocs/Development/ProgrammerZamanNow/20220413-studi-kasus-php-oop-aplikasi-todolist/Service/TodolistService.php on line 30
[13-Apr-2022 09:58:46 UTC] PHP Fatal error:  Uncaught Error: Object of class Entity\Todolist could not be converted to string in /Users/agungjulianperkasa/Library/Mobile Documents/com~apple~CloudDocs/Development/ProgrammerZamanNow/20220413-studi-kasus-php-oop-aplikasi-todolist/Service/TodolistService.php:30
Stack trace:
#0 /Users/agungjulianperkasa/Library/Mobile Documents/com~apple~CloudDocs/Development/ProgrammerZamanNow/20220413-studi-kasus-php-oop-aplikasi-todolist/Test/TodolistServiceTest.php(31): Service\TodolistServiceImpl->showTodolist()
#1 /Users/agungjulianperkasa/Library/Mobile Documents/com~apple~CloudDocs/Development/ProgrammerZamanNow/20220413-studi-kasus-php-oop-aplikasi-todolist/Test/TodolistServiceTest.php(36): testAddTodolist()
#2 {main}
  thrown in /Users/agungjulianperkasa/Library/Mobile Documents/com~apple~CloudDocs/Development/ProgrammerZamanNow/20220413-studi-kasus-php-oop-aplikasi-todolist/Service/TodolistService.php on line 30
[13-Apr-2022 10:55:00 UTC] PHP Fatal error:  Uncaught Error: Class "Repository\TodolistRepositoryImpl" not found in /Users/agungjulianperkasa/Library/Mobile Documents/com~apple~CloudDocs/Development/ProgrammerZamanNow/20220413-studi-kasus-php-oop-aplikasi-todolist/Test/TodolistViewTest.php:10
Stack trace:
#0 /Users/agungjulianperkasa/Library/Mobile Documents/com~apple~CloudDocs/Development/ProgrammerZamanNow/20220413-studi-kasus-php-oop-aplikasi-todolist/Test/TodolistViewTest.php(21): testViewShowTodolist()
#1 {main}
  thrown in /Users/agungjulianperkasa/Library/Mobile Documents/com~apple~CloudDocs/Development/ProgrammerZamanNow/20220413-studi-kasus-php-oop-aplikasi-todolist/Test/TodolistViewTest.php on line 10
[13-Apr-2022 13:58:41 UTC] PHP Fatal error:  Uncaught Error: Class "Helper\InputHelper" not found in /Users/agungjulianperkasa/Library/Mobile Documents/com~apple~CloudDocs/Development/ProgrammerZamanNow/20220413-studi-kasus-php-oop-aplikasi-todolist/View/TodolistView.php:28
Stack trace:
#0 /Users/agungjulianperkasa/Library/Mobile Documents/com~apple~CloudDocs/Development/ProgrammerZamanNow/20220413-studi-kasus-php-oop-aplikasi-todolist/Test/TodolistViewTest.php(23): View\TodolistView->showTodolist()
#1 /Users/agungjulianperkasa/Library/Mobile Documents/com~apple~CloudDocs/Development/ProgrammerZamanNow/20220413-studi-kasus-php-oop-aplikasi-todolist/Test/TodolistViewTest.php(26): testViewShowTodolist()
#2 {main}
  thrown in /Users/agungjulianperkasa/Library/Mobile Documents/com~apple~CloudDocs/Development/ProgrammerZamanNow/20220413-studi-kasus-php-oop-aplikasi-todolist/View/TodolistView.php on line 28
[14-Apr-2022 19:57:01 UTC] PHP Fatal error:  Uncaught PDOException: SQLSTATE[HY000] [1045] Access denied for user 'root'@'localhost' (using password: NO) in /Users/agungjulianperkasa/Library/Mobile Documents/com~apple~CloudDocs/Development/ProgrammerZamanNow/20220415-belajar-php-database/testConnection.php:9
Stack trace:
#0 /Users/agungjulianperkasa/Library/Mobile Documents/com~apple~CloudDocs/Development/ProgrammerZamanNow/20220415-belajar-php-database/testConnection.php(9): PDO->__construct('mysql:host=loca...', 'root', '')
#1 {main}
  thrown in /Users/agungjulianperkasa/Library/Mobile Documents/com~apple~CloudDocs/Development/ProgrammerZamanNow/20220415-belajar-php-database/testConnection.php on line 9
[14-Apr-2022 22:03:46 UTC] PHP Fatal error:  Uncaught PDOException: SQLSTATE[23000]: Integrity constraint violation: 1062 Duplicate entry 'agung' for key 'PRIMARY' in /Users/agungjulianperkasa/Library/Mobile Documents/com~apple~CloudDocs/Development/ProgrammerZamanNow/20220415-belajar-php-database/TestExecute.php:12
Stack trace:
#0 /Users/agungjulianperkasa/Library/Mobile Documents/com~apple~CloudDocs/Development/ProgrammerZamanNow/20220415-belajar-php-database/TestExecute.php(12): PDO->exec('    INSERT INTO...')
#1 {main}
  thrown in /Users/agungjulianperkasa/Library/Mobile Documents/com~apple~CloudDocs/Development/ProgrammerZamanNow/20220415-belajar-php-database/TestExecute.php on line 12
[15-Apr-2022 04:25:11 UTC] PHP Fatal error:  Uncaught PDOException: SQLSTATE[42000]: Syntax error or access violation: 1064 You have an error in your SQL syntax; check the manual that corresponds to your MySQL server version for the right syntax to use near 'FROM admin WHERE username='admin' AND password='password'' at line 1 in /Users/agungjulianperkasa/Library/Mobile Documents/com~apple~CloudDocs/Development/ProgrammerZamanNow/20220415-belajar-php-database/TestSQLInjection.php:12
Stack trace:
#0 /Users/agungjulianperkasa/Library/Mobile Documents/com~apple~CloudDocs/Development/ProgrammerZamanNow/20220415-belajar-php-database/TestSQLInjection.php(12): PDO->query('SELECT FROM adm...')
#1 {main}
  thrown in /Users/agungjulianperkasa/Library/Mobile Documents/com~apple~CloudDocs/Development/ProgrammerZamanNow/20220415-belajar-php-database/TestSQLInjection.php on line 12
[15-Apr-2022 04:25:42 UTC] PHP Fatal error:  Uncaught PDOException: SQLSTATE[42000]: Syntax error or access violation: 1064 You have an error in your SQL syntax; check the manual that corresponds to your MySQL server version for the right syntax to use near 'FROM admin WHERE username='admin' AND password='password'' at line 1 in /Users/agungjulianperkasa/Library/Mobile Documents/com~apple~CloudDocs/Development/ProgrammerZamanNow/20220415-belajar-php-database/TestSQLInjection.php:12
Stack trace:
#0 /Users/agungjulianperkasa/Library/Mobile Documents/com~apple~CloudDocs/Development/ProgrammerZamanNow/20220415-belajar-php-database/TestSQLInjection.php(12): PDO->query('SELECT FROM adm...')
#1 {main}
  thrown in /Users/agungjulianperkasa/Library/Mobile Documents/com~apple~CloudDocs/Development/ProgrammerZamanNow/20220415-belajar-php-database/TestSQLInjection.php on line 12
[15-Apr-2022 04:36:29 UTC] PHP Fatal error:  Uncaught PDOException: SQLSTATE[42000]: Syntax error or access violation: 1064 You have an error in your SQL syntax; check the manual that corresponds to your MySQL server version for the right syntax to use near 'admin; #'' AND password=''admin''' at line 1 in /Users/agungjulianperkasa/Library/Mobile Documents/com~apple~CloudDocs/Development/ProgrammerZamanNow/20220415-belajar-php-database/TestSQLInjection.php:14
Stack trace:
#0 /Users/agungjulianperkasa/Library/Mobile Documents/com~apple~CloudDocs/Development/ProgrammerZamanNow/20220415-belajar-php-database/TestSQLInjection.php(14): PDO->query('SELECT * FROM a...')
#1 {main}
  thrown in /Users/agungjulianperkasa/Library/Mobile Documents/com~apple~CloudDocs/Development/ProgrammerZamanNow/20220415-belajar-php-database/TestSQLInjection.php on line 14
[15-Apr-2022 04:36:45 UTC] PHP Fatal error:  Uncaught PDOException: SQLSTATE[42000]: Syntax error or access violation: 1064 You have an error in your SQL syntax; check the manual that corresponds to your MySQL server version for the right syntax to use near 'admin'' AND password=''admin''' at line 1 in /Users/agungjulianperkasa/Library/Mobile Documents/com~apple~CloudDocs/Development/ProgrammerZamanNow/20220415-belajar-php-database/TestSQLInjection.php:14
Stack trace:
#0 /Users/agungjulianperkasa/Library/Mobile Documents/com~apple~CloudDocs/Development/ProgrammerZamanNow/20220415-belajar-php-database/TestSQLInjection.php(14): PDO->query('SELECT * FROM a...')
#1 {main}
  thrown in /Users/agungjulianperkasa/Library/Mobile Documents/com~apple~CloudDocs/Development/ProgrammerZamanNow/20220415-belajar-php-database/TestSQLInjection.php on line 14
[15-Apr-2022 04:37:34 UTC] PHP Fatal error:  Uncaught PDOException: SQLSTATE[42000]: Syntax error or access violation: 1064 You have an error in your SQL syntax; check the manual that corresponds to your MySQL server version for the right syntax to use near 'admin'' AND password=''admin''' at line 1 in /Users/agungjulianperkasa/Library/Mobile Documents/com~apple~CloudDocs/Development/ProgrammerZamanNow/20220415-belajar-php-database/TestSQLInjection.php:14
Stack trace:
#0 /Users/agungjulianperkasa/Library/Mobile Documents/com~apple~CloudDocs/Development/ProgrammerZamanNow/20220415-belajar-php-database/TestSQLInjection.php(14): PDO->query('SELECT * FROM a...')
#1 {main}
  thrown in /Users/agungjulianperkasa/Library/Mobile Documents/com~apple~CloudDocs/Development/ProgrammerZamanNow/20220415-belajar-php-database/TestSQLInjection.php on line 14
[15-Apr-2022 05:40:55 UTC] PHP Parse error:  syntax error, unexpected variable "$username", expecting ")" in /Users/agungjulianperkasa/Library/Mobile Documents/com~apple~CloudDocs/Development/ProgrammerZamanNow/20220415-belajar-php-database/TestPrepareIndex.php on line 12
[15-Apr-2022 05:43:53 UTC] PHP Fatal error:  Uncaught ArgumentCountError: PDOStatement::execute() expects at most 1 argument, 2 given in /Users/agungjulianperkasa/Library/Mobile Documents/com~apple~CloudDocs/Development/ProgrammerZamanNow/20220415-belajar-php-database/TestPrepareIndexWithoutBind.php:12
Stack trace:
#0 /Users/agungjulianperkasa/Library/Mobile Documents/com~apple~CloudDocs/Development/ProgrammerZamanNow/20220415-belajar-php-database/TestPrepareIndexWithoutBind.php(12): PDOStatement->execute('admin', 'admin')
#1 {main}
  thrown in /Users/agungjulianperkasa/Library/Mobile Documents/com~apple~CloudDocs/Development/ProgrammerZamanNow/20220415-belajar-php-database/TestPrepareIndexWithoutBind.php on line 12
[15-Apr-2022 05:47:36 UTC] PHP Fatal error:  Uncaught PDOException: SQLSTATE[HY093]: Invalid parameter number: parameter was not defined in /Users/agungjulianperkasa/Library/Mobile Documents/com~apple~CloudDocs/Development/ProgrammerZamanNow/20220415-belajar-php-database/TestInsertQueryPrepare.php:14
Stack trace:
#0 /Users/agungjulianperkasa/Library/Mobile Documents/com~apple~CloudDocs/Development/ProgrammerZamanNow/20220415-belajar-php-database/TestInsertQueryPrepare.php(14): PDOStatement->execute()
#1 {main}
  thrown in /Users/agungjulianperkasa/Library/Mobile Documents/com~apple~CloudDocs/Development/ProgrammerZamanNow/20220415-belajar-php-database/TestInsertQueryPrepare.php on line 14
[15-Apr-2022 05:48:00 UTC] PHP Fatal error:  Uncaught PDOException: SQLSTATE[42S22]: Column not found: 1054 Unknown column 'passdowrd' in 'field list' in /Users/agungjulianperkasa/Library/Mobile Documents/com~apple~CloudDocs/Development/ProgrammerZamanNow/20220415-belajar-php-database/TestInsertQueryPrepare.php:14
Stack trace:
#0 /Users/agungjulianperkasa/Library/Mobile Documents/com~apple~CloudDocs/Development/ProgrammerZamanNow/20220415-belajar-php-database/TestInsertQueryPrepare.php(14): PDOStatement->execute()
#1 {main}
  thrown in /Users/agungjulianperkasa/Library/Mobile Documents/com~apple~CloudDocs/Development/ProgrammerZamanNow/20220415-belajar-php-database/TestInsertQueryPrepare.php on line 14
[15-Apr-2022 05:58:34 UTC] PHP Fatal error:  Uncaught PDOException: SQLSTATE[HY093]: Invalid parameter number: parameter was not defined in /Users/agungjulianperkasa/Library/Mobile Documents/com~apple~CloudDocs/Development/ProgrammerZamanNow/20220415-belajar-php-database/TestFetch.php:12
Stack trace:
#0 /Users/agungjulianperkasa/Library/Mobile Documents/com~apple~CloudDocs/Development/ProgrammerZamanNow/20220415-belajar-php-database/TestFetch.php(12): PDOStatement->execute(Array)
#1 {main}
  thrown in /Users/agungjulianperkasa/Library/Mobile Documents/com~apple~CloudDocs/Development/ProgrammerZamanNow/20220415-belajar-php-database/TestFetch.php on line 12
[15-Apr-2022 06:23:45 UTC] PHP Fatal error:  Uncaught Error: Call to undefined method PDO::excec() in /Users/agungjulianperkasa/Library/Mobile Documents/com~apple~CloudDocs/Development/ProgrammerZamanNow/20220415-belajar-php-database/TestAutoIncrement.php:7
Stack trace:
#0 {main}
  thrown in /Users/agungjulianperkasa/Library/Mobile Documents/com~apple~CloudDocs/Development/ProgrammerZamanNow/20220415-belajar-php-database/TestAutoIncrement.php on line 7
[15-Apr-2022 07:10:31 UTC] PHP Fatal error:  Uncaught PDOException: SQLSTATE[42S22]: Column not found: 1054 Unknown column 'emails' in 'field list' in /Users/agungjulianperkasa/Library/Mobile Documents/com~apple~CloudDocs/Development/ProgrammerZamanNow/20220415-belajar-php-database/TestTransaction.php:9
Stack trace:
#0 /Users/agungjulianperkasa/Library/Mobile Documents/com~apple~CloudDocs/Development/ProgrammerZamanNow/20220415-belajar-php-database/TestTransaction.php(9): PDO->exec('INSERT INTO com...')
#1 {main}
  thrown in /Users/agungjulianperkasa/Library/Mobile Documents/com~apple~CloudDocs/Development/ProgrammerZamanNow/20220415-belajar-php-database/TestTransaction.php on line 9
[15-Apr-2022 14:16:54 UTC] PHP Warning:  require_once(/Users/agungjulianperkasa/Library/Mobile Documents/com~apple~CloudDocs/Development/ProgrammerZamanNow/20220415-studi-kasus-php-database-aplikasi-todolist/ConfigDatabase.php): Failed to open stream: No such file or directory in /Users/agungjulianperkasa/Library/Mobile Documents/com~apple~CloudDocs/Development/ProgrammerZamanNow/20220415-studi-kasus-php-database-aplikasi-todolist/Config/DatabaseTest.php on line 3
[15-Apr-2022 14:16:54 UTC] PHP Fatal error:  Uncaught Error: Failed opening required '/Users/agungjulianperkasa/Library/Mobile Documents/com~apple~CloudDocs/Development/ProgrammerZamanNow/20220415-studi-kasus-php-database-aplikasi-todolist/ConfigDatabase.php' (include_path='.:/opt/homebrew/Cellar/php/8.0.12/share/php/pear') in /Users/agungjulianperkasa/Library/Mobile Documents/com~apple~CloudDocs/Development/ProgrammerZamanNow/20220415-studi-kasus-php-database-aplikasi-todolist/Config/DatabaseTest.php:3
Stack trace:
#0 {main}
  thrown in /Users/agungjulianperkasa/Library/Mobile Documents/com~apple~CloudDocs/Development/ProgrammerZamanNow/20220415-studi-kasus-php-database-aplikasi-todolist/Config/DatabaseTest.php on line 3
[15-Apr-2022 14:17:05 UTC] PHP Fatal error:  Uncaught Error: Class "Config\Database" not found in /Users/agungjulianperkasa/Library/Mobile Documents/com~apple~CloudDocs/Development/ProgrammerZamanNow/20220415-studi-kasus-php-database-aplikasi-todolist/Config/DatabaseTest.php:5
Stack trace:
#0 {main}
  thrown in /Users/agungjulianperkasa/Library/Mobile Documents/com~apple~CloudDocs/Development/ProgrammerZamanNow/20220415-studi-kasus-php-database-aplikasi-todolist/Config/DatabaseTest.php on line 5
[15-Apr-2022 14:18:21 UTC] PHP Parse error:  syntax error, unexpected single-quoted string "" in /Users/agungjulianperkasa/Library/Mobile Documents/com~apple~CloudDocs/Development/ProgrammerZamanNow/20220415-studi-kasus-php-database-aplikasi-todolist/Config/DatabaseTest.php on line 3
[15-Apr-2022 14:18:32 UTC] PHP Parse error:  syntax error, unexpected token "/" in /Users/agungjulianperkasa/Library/Mobile Documents/com~apple~CloudDocs/Development/ProgrammerZamanNow/20220415-studi-kasus-php-database-aplikasi-todolist/Config/DatabaseTest.php on line 3
[15-Apr-2022 14:18:35 UTC] PHP Fatal error:  Uncaught Error: Class "Config\Database" not found in /Users/agungjulianperkasa/Library/Mobile Documents/com~apple~CloudDocs/Development/ProgrammerZamanNow/20220415-studi-kasus-php-database-aplikasi-todolist/Config/DatabaseTest.php:5
Stack trace:
#0 {main}
  thrown in /Users/agungjulianperkasa/Library/Mobile Documents/com~apple~CloudDocs/Development/ProgrammerZamanNow/20220415-studi-kasus-php-database-aplikasi-todolist/Config/DatabaseTest.php on line 5
[15-Apr-2022 14:18:50 UTC] PHP Parse error:  syntax error, unexpected token "/" in /Users/agungjulianperkasa/Library/Mobile Documents/com~apple~CloudDocs/Development/ProgrammerZamanNow/20220415-studi-kasus-php-database-aplikasi-todolist/Config/DatabaseTest.php on line 5
[15-Apr-2022 14:18:55 UTC] PHP Fatal error:  Uncaught Error: Undefined constant "Config" in /Users/agungjulianperkasa/Library/Mobile Documents/com~apple~CloudDocs/Development/ProgrammerZamanNow/20220415-studi-kasus-php-database-aplikasi-todolist/Config/DatabaseTest.php:5
Stack trace:
#0 {main}
  thrown in /Users/agungjulianperkasa/Library/Mobile Documents/com~apple~CloudDocs/Development/ProgrammerZamanNow/20220415-studi-kasus-php-database-aplikasi-todolist/Config/DatabaseTest.php on line 5
[15-Apr-2022 14:19:01 UTC] PHP Fatal error:  Uncaught Error: Undefined constant "Config" in /Users/agungjulianperkasa/Library/Mobile Documents/com~apple~CloudDocs/Development/ProgrammerZamanNow/20220415-studi-kasus-php-database-aplikasi-todolist/Config/DatabaseTest.php:5
Stack trace:
#0 {main}
  thrown in /Users/agungjulianperkasa/Library/Mobile Documents/com~apple~CloudDocs/Development/ProgrammerZamanNow/20220415-studi-kasus-php-database-aplikasi-todolist/Config/DatabaseTest.php on line 5
[15-Apr-2022 14:19:07 UTC] PHP Fatal error:  Uncaught Error: Class "Config\Database" not found in /Users/agungjulianperkasa/Library/Mobile Documents/com~apple~CloudDocs/Development/ProgrammerZamanNow/20220415-studi-kasus-php-database-aplikasi-todolist/Config/DatabaseTest.php:5
Stack trace:
#0 {main}
  thrown in /Users/agungjulianperkasa/Library/Mobile Documents/com~apple~CloudDocs/Development/ProgrammerZamanNow/20220415-studi-kasus-php-database-aplikasi-todolist/Config/DatabaseTest.php on line 5
[15-Apr-2022 14:39:42 UTC] PHP Fatal error:  Uncaught PDOException: SQLSTATE[42000]: Syntax error or access violation: 1064 You have an error in your SQL syntax; check the manual that corresponds to your MySQL server version for the right syntax to use near ''todo') VALUES('Belajar PHP')' at line 1 in /Users/agungjulianperkasa/Library/Mobile Documents/com~apple~CloudDocs/Development/ProgrammerZamanNow/20220415-studi-kasus-php-database-aplikasi-todolist/Repository/TodolistRepository.php:32
Stack trace:
#0 /Users/agungjulianperkasa/Library/Mobile Documents/com~apple~CloudDocs/Development/ProgrammerZamanNow/20220415-studi-kasus-php-database-aplikasi-todolist/Repository/TodolistRepository.php(32): PDOStatement->execute(Array)
#1 /Users/agungjulianperkasa/Library/Mobile Documents/com~apple~CloudDocs/Development/ProgrammerZamanNow/20220415-studi-kasus-php-database-aplikasi-todolist/Service/TodolistService.php(37): Repository\TodolistRepositoryImpl->save(Object(Entity\Todolist))
#2 /Users/agungjulianperkasa/Library/Mobile Documents/com~apple~CloudDocs/Development/ProgrammerZamanNow/20220415-studi-kasus-php-database-aplikasi-todolist/Test/TodolistServiceTest.php(29): Service\TodolistServiceImpl->addTodolist('Belajar PHP')
#3 /Users/agungjulianperkasa/Library/Mobile Documents/com~apple~CloudDocs/Development/ProgrammerZamanNow/20220415-studi-kasus-php-database-aplikasi-todolist/Test/TodolistServiceTest.php(53): testAddTodolist()
#4 {main}
  thrown in /Users/agungjulianperkasa/Library/Mobile Documents/com~apple~CloudDocs/Development/ProgrammerZamanNow/20220415-studi-kasus-php-database-aplikasi-todolist/Repository/TodolistRepository.php on line 32
[15-Apr-2022 14:40:17 UTC] PHP Fatal error:  Uncaught PDOException: SQLSTATE[HY000] [1049] Unknown database 'belajar_php_todolist' in /Users/agungjulianperkasa/Library/Mobile Documents/com~apple~CloudDocs/Development/ProgrammerZamanNow/20220415-studi-kasus-php-database-aplikasi-todolist/Config/Database.php:14
Stack trace:
#0 /Users/agungjulianperkasa/Library/Mobile Documents/com~apple~CloudDocs/Development/ProgrammerZamanNow/20220415-studi-kasus-php-database-aplikasi-todolist/Config/Database.php(14): PDO->__construct('mysql:host=loca...', 'root', 'root')
#1 /Users/agungjulianperkasa/Library/Mobile Documents/com~apple~CloudDocs/Development/ProgrammerZamanNow/20220415-studi-kasus-php-database-aplikasi-todolist/Test/TodolistServiceTest.php(25): Config\Database::getConnection()
#2 /Users/agungjulianperkasa/Library/Mobile Documents/com~apple~CloudDocs/Development/ProgrammerZamanNow/20220415-studi-kasus-php-database-aplikasi-todolist/Test/TodolistServiceTest.php(53): testAddTodolist()
#3 {main}
  thrown in /Users/agungjulianperkasa/Library/Mobile Documents/com~apple~CloudDocs/Development/ProgrammerZamanNow/20220415-studi-kasus-php-database-aplikasi-todolist/Config/Database.php on line 14
[15-Apr-2022 14:40:34 UTC] PHP Fatal error:  Uncaught PDOException: SQLSTATE[HY000] [1049] Unknown database 'belajar_php_todolist' in /Users/agungjulianperkasa/Library/Mobile Documents/com~apple~CloudDocs/Development/ProgrammerZamanNow/20220415-studi-kasus-php-database-aplikasi-todolist/Config/Database.php:14
Stack trace:
#0 /Users/agungjulianperkasa/Library/Mobile Documents/com~apple~CloudDocs/Development/ProgrammerZamanNow/20220415-studi-kasus-php-database-aplikasi-todolist/Config/Database.php(14): PDO->__construct('mysql:host=loca...', 'root', 'root')
#1 /Users/agungjulianperkasa/Library/Mobile Documents/com~apple~CloudDocs/Development/ProgrammerZamanNow/20220415-studi-kasus-php-database-aplikasi-todolist/Test/TodolistServiceTest.php(25): Config\Database::getConnection()
#2 /Users/agungjulianperkasa/Library/Mobile Documents/com~apple~CloudDocs/Development/ProgrammerZamanNow/20220415-studi-kasus-php-database-aplikasi-todolist/Test/TodolistServiceTest.php(53): testAddTodolist()
#3 {main}
  thrown in /Users/agungjulianperkasa/Library/Mobile Documents/com~apple~CloudDocs/Development/ProgrammerZamanNow/20220415-studi-kasus-php-database-aplikasi-todolist/Config/Database.php on line 14
[15-Apr-2022 14:41:40 UTC] PHP Fatal error:  Uncaught PDOException: SQLSTATE[HY000] [1049] Unknown database 'belajar_php_todolist' in /Users/agungjulianperkasa/Library/Mobile Documents/com~apple~CloudDocs/Development/ProgrammerZamanNow/20220415-studi-kasus-php-database-aplikasi-todolist/Config/Database.php:14
Stack trace:
#0 /Users/agungjulianperkasa/Library/Mobile Documents/com~apple~CloudDocs/Development/ProgrammerZamanNow/20220415-studi-kasus-php-database-aplikasi-todolist/Config/Database.php(14): PDO->__construct('mysql:host=loca...', 'root', 'root')
#1 /Users/agungjulianperkasa/Library/Mobile Documents/com~apple~CloudDocs/Development/ProgrammerZamanNow/20220415-studi-kasus-php-database-aplikasi-todolist/Test/TodolistServiceTest.php(25): Config\Database::getConnection()
#2 /Users/agungjulianperkasa/Library/Mobile Documents/com~apple~CloudDocs/Development/ProgrammerZamanNow/20220415-studi-kasus-php-database-aplikasi-todolist/Test/TodolistServiceTest.php(53): testAddTodolist()
#3 {main}
  thrown in /Users/agungjulianperkasa/Library/Mobile Documents/com~apple~CloudDocs/Development/ProgrammerZamanNow/20220415-studi-kasus-php-database-aplikasi-todolist/Config/Database.php on line 14
[15-Apr-2022 14:42:33 UTC] PHP Fatal error:  Uncaught PDOException: SQLSTATE[42000]: Syntax error or access violation: 1064 You have an error in your SQL syntax; check the manual that corresponds to your MySQL server version for the right syntax to use near ''todo') VALUES('Belajar PHP')' at line 1 in /Users/agungjulianperkasa/Library/Mobile Documents/com~apple~CloudDocs/Development/ProgrammerZamanNow/20220415-studi-kasus-php-database-aplikasi-todolist/Repository/TodolistRepository.php:32
Stack trace:
#0 /Users/agungjulianperkasa/Library/Mobile Documents/com~apple~CloudDocs/Development/ProgrammerZamanNow/20220415-studi-kasus-php-database-aplikasi-todolist/Repository/TodolistRepository.php(32): PDOStatement->execute(Array)
#1 /Users/agungjulianperkasa/Library/Mobile Documents/com~apple~CloudDocs/Development/ProgrammerZamanNow/20220415-studi-kasus-php-database-aplikasi-todolist/Service/TodolistService.php(37): Repository\TodolistRepositoryImpl->save(Object(Entity\Todolist))
#2 /Users/agungjulianperkasa/Library/Mobile Documents/com~apple~CloudDocs/Development/ProgrammerZamanNow/20220415-studi-kasus-php-database-aplikasi-todolist/Test/TodolistServiceTest.php(29): Service\TodolistServiceImpl->addTodolist('Belajar PHP')
#3 /Users/agungjulianperkasa/Library/Mobile Documents/com~apple~CloudDocs/Development/ProgrammerZamanNow/20220415-studi-kasus-php-database-aplikasi-todolist/Test/TodolistServiceTest.php(53): testAddTodolist()
#4 {main}
  thrown in /Users/agungjulianperkasa/Library/Mobile Documents/com~apple~CloudDocs/Development/ProgrammerZamanNow/20220415-studi-kasus-php-database-aplikasi-todolist/Repository/TodolistRepository.php on line 32
[16-Apr-2022 04:12:35 UTC] PHP Fatal error:  Uncaught PDOException: SQLSTATE[42S22]: Column not found: 1054 Unknown column 'name' in 'field list' in /Users/agungjulianperkasa/Library/Mobile Documents/com~apple~CloudDocs/Development/ProgrammerZamanNow/20220415-studi-kasus-php-database-aplikasi-todolist/Repository/TodolistRepository.php:55
Stack trace:
#0 /Users/agungjulianperkasa/Library/Mobile Documents/com~apple~CloudDocs/Development/ProgrammerZamanNow/20220415-studi-kasus-php-database-aplikasi-todolist/Repository/TodolistRepository.php(55): PDOStatement->execute()
#1 /Users/agungjulianperkasa/Library/Mobile Documents/com~apple~CloudDocs/Development/ProgrammerZamanNow/20220415-studi-kasus-php-database-aplikasi-todolist/Service/TodolistService.php(28): Repository\TodolistRepositoryImpl->findAll()
#2 /Users/agungjulianperkasa/Library/Mobile Documents/com~apple~CloudDocs/Development/ProgrammerZamanNow/20220415-studi-kasus-php-database-aplikasi-todolist/Test/TodolistServiceTest.php(21): Service\TodolistServiceImpl->showTodolist()
#3 /Users/agungjulianperkasa/Library/Mobile Documents/com~apple~CloudDocs/Development/ProgrammerZamanNow/20220415-studi-kasus-php-database-aplikasi-todolist/Test/TodolistServiceTest.php(51): testShowTodolist()
#4 {main}
  thrown in /Users/agungjulianperkasa/Library/Mobile Documents/com~apple~CloudDocs/Development/ProgrammerZamanNow/20220415-studi-kasus-php-database-aplikasi-todolist/Repository/TodolistRepository.php on line 55
[16-Apr-2022 04:16:11 UTC] PHP Warning:  Undefined property: Entity\Todolist::$getID in /Users/agungjulianperkasa/Library/Mobile Documents/com~apple~CloudDocs/Development/ProgrammerZamanNow/20220415-studi-kasus-php-database-aplikasi-todolist/Service/TodolistService.php on line 30
[16-Apr-2022 04:16:11 UTC] PHP Warning:  Undefined property: Entity\Todolist::$getID in /Users/agungjulianperkasa/Library/Mobile Documents/com~apple~CloudDocs/Development/ProgrammerZamanNow/20220415-studi-kasus-php-database-aplikasi-todolist/Service/TodolistService.php on line 30
[16-Apr-2022 04:16:11 UTC] PHP Warning:  Undefined property: Entity\Todolist::$getID in /Users/agungjulianperkasa/Library/Mobile Documents/com~apple~CloudDocs/Development/ProgrammerZamanNow/20220415-studi-kasus-php-database-aplikasi-todolist/Service/TodolistService.php on line 30
[16-Apr-2022 04:16:11 UTC] PHP Warning:  Undefined property: Entity\Todolist::$getID in /Users/agungjulianperkasa/Library/Mobile Documents/com~apple~CloudDocs/Development/ProgrammerZamanNow/20220415-studi-kasus-php-database-aplikasi-todolist/Service/TodolistService.php on line 30
[16-Apr-2022 04:16:11 UTC] PHP Warning:  Undefined property: Entity\Todolist::$getID in /Users/agungjulianperkasa/Library/Mobile Documents/com~apple~CloudDocs/Development/ProgrammerZamanNow/20220415-studi-kasus-php-database-aplikasi-todolist/Service/TodolistService.php on line 30
[16-Apr-2022 04:16:11 UTC] PHP Warning:  Undefined property: Entity\Todolist::$getID in /Users/agungjulianperkasa/Library/Mobile Documents/com~apple~CloudDocs/Development/ProgrammerZamanNow/20220415-studi-kasus-php-database-aplikasi-todolist/Service/TodolistService.php on line 30
[16-Apr-2022 04:16:11 UTC] PHP Warning:  Undefined property: Entity\Todolist::$getID in /Users/agungjulianperkasa/Library/Mobile Documents/com~apple~CloudDocs/Development/ProgrammerZamanNow/20220415-studi-kasus-php-database-aplikasi-todolist/Service/TodolistService.php on line 30
[16-Apr-2022 04:16:11 UTC] PHP Warning:  Undefined property: Entity\Todolist::$getID in /Users/agungjulianperkasa/Library/Mobile Documents/com~apple~CloudDocs/Development/ProgrammerZamanNow/20220415-studi-kasus-php-database-aplikasi-todolist/Service/TodolistService.php on line 30
[16-Apr-2022 04:16:11 UTC] PHP Warning:  Undefined property: Entity\Todolist::$getID in /Users/agungjulianperkasa/Library/Mobile Documents/com~apple~CloudDocs/Development/ProgrammerZamanNow/20220415-studi-kasus-php-database-aplikasi-todolist/Service/TodolistService.php on line 30
[16-Apr-2022 04:16:11 UTC] PHP Warning:  Undefined property: Entity\Todolist::$getID in /Users/agungjulianperkasa/Library/Mobile Documents/com~apple~CloudDocs/Development/ProgrammerZamanNow/20220415-studi-kasus-php-database-aplikasi-todolist/Service/TodolistService.php on line 30
[16-Apr-2022 04:16:11 UTC] PHP Warning:  Undefined property: Entity\Todolist::$getID in /Users/agungjulianperkasa/Library/Mobile Documents/com~apple~CloudDocs/Development/ProgrammerZamanNow/20220415-studi-kasus-php-database-aplikasi-todolist/Service/TodolistService.php on line 30
[16-Apr-2022 04:16:11 UTC] PHP Warning:  Undefined property: Entity\Todolist::$getID in /Users/agungjulianperkasa/Library/Mobile Documents/com~apple~CloudDocs/Development/ProgrammerZamanNow/20220415-studi-kasus-php-database-aplikasi-todolist/Service/TodolistService.php on line 30
[16-Apr-2022 04:16:11 UTC] PHP Warning:  Undefined property: Entity\Todolist::$getID in /Users/agungjulianperkasa/Library/Mobile Documents/com~apple~CloudDocs/Development/ProgrammerZamanNow/20220415-studi-kasus-php-database-aplikasi-todolist/Service/TodolistService.php on line 30
[16-Apr-2022 04:16:11 UTC] PHP Warning:  Undefined property: Entity\Todolist::$getID in /Users/agungjulianperkasa/Library/Mobile Documents/com~apple~CloudDocs/Development/ProgrammerZamanNow/20220415-studi-kasus-php-database-aplikasi-todolist/Service/TodolistService.php on line 30
[16-Apr-2022 04:16:54 UTC] PHP Warning:  Undefined property: Entity\Todolist::$getId in /Users/agungjulianperkasa/Library/Mobile Documents/com~apple~CloudDocs/Development/ProgrammerZamanNow/20220415-studi-kasus-php-database-aplikasi-todolist/Service/TodolistService.php on line 30
[16-Apr-2022 04:16:54 UTC] PHP Warning:  Undefined property: Entity\Todolist::$getId in /Users/agungjulianperkasa/Library/Mobile Documents/com~apple~CloudDocs/Development/ProgrammerZamanNow/20220415-studi-kasus-php-database-aplikasi-todolist/Service/TodolistService.php on line 30
[16-Apr-2022 04:16:54 UTC] PHP Warning:  Undefined property: Entity\Todolist::$getId in /Users/agungjulianperkasa/Library/Mobile Documents/com~apple~CloudDocs/Development/ProgrammerZamanNow/20220415-studi-kasus-php-database-aplikasi-todolist/Service/TodolistService.php on line 30
[16-Apr-2022 04:16:54 UTC] PHP Warning:  Undefined property: Entity\Todolist::$getId in /Users/agungjulianperkasa/Library/Mobile Documents/com~apple~CloudDocs/Development/ProgrammerZamanNow/20220415-studi-kasus-php-database-aplikasi-todolist/Service/TodolistService.php on line 30
[16-Apr-2022 04:16:54 UTC] PHP Warning:  Undefined property: Entity\Todolist::$getId in /Users/agungjulianperkasa/Library/Mobile Documents/com~apple~CloudDocs/Development/ProgrammerZamanNow/20220415-studi-kasus-php-database-aplikasi-todolist/Service/TodolistService.php on line 30
[16-Apr-2022 04:16:54 UTC] PHP Warning:  Undefined property: Entity\Todolist::$getId in /Users/agungjulianperkasa/Library/Mobile Documents/com~apple~CloudDocs/Development/ProgrammerZamanNow/20220415-studi-kasus-php-database-aplikasi-todolist/Service/TodolistService.php on line 30
[16-Apr-2022 04:16:54 UTC] PHP Warning:  Undefined property: Entity\Todolist::$getId in /Users/agungjulianperkasa/Library/Mobile Documents/com~apple~CloudDocs/Development/ProgrammerZamanNow/20220415-studi-kasus-php-database-aplikasi-todolist/Service/TodolistService.php on line 30
[16-Apr-2022 04:16:54 UTC] PHP Warning:  Undefined property: Entity\Todolist::$getId in /Users/agungjulianperkasa/Library/Mobile Documents/com~apple~CloudDocs/Development/ProgrammerZamanNow/20220415-studi-kasus-php-database-aplikasi-todolist/Service/TodolistService.php on line 30
[16-Apr-2022 04:16:54 UTC] PHP Warning:  Undefined property: Entity\Todolist::$getId in /Users/agungjulianperkasa/Library/Mobile Documents/com~apple~CloudDocs/Development/ProgrammerZamanNow/20220415-studi-kasus-php-database-aplikasi-todolist/Service/TodolistService.php on line 30
[16-Apr-2022 04:16:54 UTC] PHP Warning:  Undefined property: Entity\Todolist::$getId in /Users/agungjulianperkasa/Library/Mobile Documents/com~apple~CloudDocs/Development/ProgrammerZamanNow/20220415-studi-kasus-php-database-aplikasi-todolist/Service/TodolistService.php on line 30
[16-Apr-2022 04:16:54 UTC] PHP Warning:  Undefined property: Entity\Todolist::$getId in /Users/agungjulianperkasa/Library/Mobile Documents/com~apple~CloudDocs/Development/ProgrammerZamanNow/20220415-studi-kasus-php-database-aplikasi-todolist/Service/TodolistService.php on line 30
[16-Apr-2022 04:16:54 UTC] PHP Warning:  Undefined property: Entity\Todolist::$getId in /Users/agungjulianperkasa/Library/Mobile Documents/com~apple~CloudDocs/Development/ProgrammerZamanNow/20220415-studi-kasus-php-database-aplikasi-todolist/Service/TodolistService.php on line 30
[16-Apr-2022 04:16:54 UTC] PHP Warning:  Undefined property: Entity\Todolist::$getId in /Users/agungjulianperkasa/Library/Mobile Documents/com~apple~CloudDocs/Development/ProgrammerZamanNow/20220415-studi-kasus-php-database-aplikasi-todolist/Service/TodolistService.php on line 30
[16-Apr-2022 04:16:54 UTC] PHP Warning:  Undefined property: Entity\Todolist::$getId in /Users/agungjulianperkasa/Library/Mobile Documents/com~apple~CloudDocs/Development/ProgrammerZamanNow/20220415-studi-kasus-php-database-aplikasi-todolist/Service/TodolistService.php on line 30
[16-Apr-2022 04:16:54 UTC] PHP Warning:  Undefined property: Entity\Todolist::$getId in /Users/agungjulianperkasa/Library/Mobile Documents/com~apple~CloudDocs/Development/ProgrammerZamanNow/20220415-studi-kasus-php-database-aplikasi-todolist/Service/TodolistService.php on line 30
[16-Apr-2022 04:16:54 UTC] PHP Warning:  Undefined property: Entity\Todolist::$getId in /Users/agungjulianperkasa/Library/Mobile Documents/com~apple~CloudDocs/Development/ProgrammerZamanNow/20220415-studi-kasus-php-database-aplikasi-todolist/Service/TodolistService.php on line 30
[16-Apr-2022 04:16:54 UTC] PHP Warning:  Undefined property: Entity\Todolist::$getId in /Users/agungjulianperkasa/Library/Mobile Documents/com~apple~CloudDocs/Development/ProgrammerZamanNow/20220415-studi-kasus-php-database-aplikasi-todolist/Service/TodolistService.php on line 30
[16-Apr-2022 04:20:04 UTC] PHP Fatal error:  Uncaught ArgumentCountError: Too few arguments to function Repository\TodolistRepositoryImpl::__construct(), 0 passed in /Users/agungjulianperkasa/Library/Mobile Documents/com~apple~CloudDocs/Development/ProgrammerZamanNow/20220415-studi-kasus-php-database-aplikasi-todolist/App.php on line 12 and exactly 1 expected in /Users/agungjulianperkasa/Library/Mobile Documents/com~apple~CloudDocs/Development/ProgrammerZamanNow/20220415-studi-kasus-php-database-aplikasi-todolist/Repository/TodolistRepository.php:23
Stack trace:
#0 /Users/agungjulianperkasa/Library/Mobile Documents/com~apple~CloudDocs/Development/ProgrammerZamanNow/20220415-studi-kasus-php-database-aplikasi-todolist/App.php(12): Repository\TodolistRepositoryImpl->__construct()
#1 {main}
  thrown in /Users/agungjulianperkasa/Library/Mobile Documents/com~apple~CloudDocs/Development/ProgrammerZamanNow/20220415-studi-kasus-php-database-aplikasi-todolist/Repository/TodolistRepository.php on line 23
[17-Apr-2022 05:23:33 UTC] PHP Parse error:  syntax error, unexpected token "public", expecting end of file in /Users/agungjulianperkasa/Library/Mobile Documents/com~apple~CloudDocs/Development/ProgrammerZamanNow/20220410-belajar-php-dasar/29_FunctionReturnValue.php on line 3
[17-Apr-2022 05:51:06 UTC] PHP Parse error:  syntax error, unexpected token "}", expecting "," or ";" in /Users/agungjulianperkasa/Library/Mobile Documents/com~apple~CloudDocs/Development/ProgrammerZamanNow/20220410-belajar-php-dasar/31_AnonymousFunction.php on line 23
[18-Apr-2022 06:19:49 UTC] PHP Fatal error:  Allowed memory size of 536870912 bytes exhausted (tried to allocate 262144 bytes) in /Users/agungjulianperkasa/Library/Mobile Documents/com~apple~CloudDocs/Development/ProgrammerZamanNow/20220410-belajar-php-dasar/33_FactorialFunction.php on line 34
[18-Apr-2022 21:33:23 UTC] PHP Fatal error:  Uncaught TypeError: implode(): Argument #2 ($array) must be of type ?array, string given in /Users/agungjulianperkasa/Library/Mobile Documents/com~apple~CloudDocs/Development/ProgrammerZamanNow/20220410-belajar-php-dasar/34_StringFunction.php:4
Stack trace:
#0 /Users/agungjulianperkasa/Library/Mobile Documents/com~apple~CloudDocs/Development/ProgrammerZamanNow/20220410-belajar-php-dasar/34_StringFunction.php(4): implode(' ', 'Agung Julian Pe...')
#1 {main}
  thrown in /Users/agungjulianperkasa/Library/Mobile Documents/com~apple~CloudDocs/Development/ProgrammerZamanNow/20220410-belajar-php-dasar/34_StringFunction.php on line 4
[18-Apr-2022 21:33:40 UTC] PHP Fatal error:  Uncaught Error: Call to undefined function ixplode() in /Users/agungjulianperkasa/Library/Mobile Documents/com~apple~CloudDocs/Development/ProgrammerZamanNow/20220410-belajar-php-dasar/34_StringFunction.php:4
Stack trace:
#0 {main}
  thrown in /Users/agungjulianperkasa/Library/Mobile Documents/com~apple~CloudDocs/Development/ProgrammerZamanNow/20220410-belajar-php-dasar/34_StringFunction.php on line 4
[19-Apr-2022 04:13:58 UTC] PHP Warning:  Undefined variable $name in /Users/agungjulianperkasa/Library/Mobile Documents/com~apple~CloudDocs/Development/ProgrammerZamanNow/20220410-belajar-php-dasar/37_VariableScope.php on line 6
[19-Apr-2022 04:14:12 UTC] PHP Warning:  Undefined variable $name in /Users/agungjulianperkasa/Library/Mobile Documents/com~apple~CloudDocs/Development/ProgrammerZamanNow/20220410-belajar-php-dasar/37_VariableScope.php on line 6
[19-Apr-2022 04:15:10 UTC] PHP Parse error:  syntax error, unexpected token "global" in /Users/agungjulianperkasa/Library/Mobile Documents/com~apple~CloudDocs/Development/ProgrammerZamanNow/20220410-belajar-php-dasar/37_VariableScope.php on line 6
[20-Apr-2022 05:47:24 UTC] PHP Fatal error:  Uncaught Error: Object of class Person could not be converted to string in /Users/agungjulianperkasa/Library/Mobile Documents/com~apple~CloudDocs/Development/ProgrammerZamanNow/20220420-belahar-php-oop/Data/69_Person.php:13
Stack trace:
#0 /Users/agungjulianperkasa/Library/Mobile Documents/com~apple~CloudDocs/Development/ProgrammerZamanNow/20220420-belahar-php-oop/72_Function.php(8): Person->sayHello('Agung')
#1 {main}
  thrown in /Users/agungjulianperkasa/Library/Mobile Documents/com~apple~CloudDocs/Development/ProgrammerZamanNow/20220420-belahar-php-oop/Data/69_Person.php on line 13
[20-Apr-2022 05:47:37 UTC] PHP Fatal error:  Uncaught Error: Object of class Person could not be converted to string in /Users/agungjulianperkasa/Library/Mobile Documents/com~apple~CloudDocs/Development/ProgrammerZamanNow/20220420-belahar-php-oop/Data/69_Person.php:13
Stack trace:
#0 /Users/agungjulianperkasa/Library/Mobile Documents/com~apple~CloudDocs/Development/ProgrammerZamanNow/20220420-belahar-php-oop/72_Function.php(8): Person->sayHello('Agung')
#1 {main}
  thrown in /Users/agungjulianperkasa/Library/Mobile Documents/com~apple~CloudDocs/Development/ProgrammerZamanNow/20220420-belahar-php-oop/Data/69_Person.php on line 13
[20-Apr-2022 05:48:21 UTC] PHP Warning:  Undefined property: Person::$Agung in /Users/agungjulianperkasa/Library/Mobile Documents/com~apple~CloudDocs/Development/ProgrammerZamanNow/20220420-belahar-php-oop/Data/69_Person.php on line 13
[20-Apr-2022 05:49:17 UTC] PHP Warning:  Undefined property: Person::$Agung in /Users/agungjulianperkasa/Library/Mobile Documents/com~apple~CloudDocs/Development/ProgrammerZamanNow/20220420-belahar-php-oop/Data/69_Person.php on line 13
[20-Apr-2022 05:50:36 UTC] PHP Fatal error:  Uncaught TypeError: Person::sayHello(): Argument #1 ($name) must be of type string, null given, called in /Users/agungjulianperkasa/Library/Mobile Documents/com~apple~CloudDocs/Development/ProgrammerZamanNow/20220420-belahar-php-oop/72_Function.php on line 13 and defined in /Users/agungjulianperkasa/Library/Mobile Documents/com~apple~CloudDocs/Development/ProgrammerZamanNow/20220420-belahar-php-oop/Data/69_Person.php:8
Stack trace:
#0 /Users/agungjulianperkasa/Library/Mobile Documents/com~apple~CloudDocs/Development/ProgrammerZamanNow/20220420-belahar-php-oop/72_Function.php(13): Person->sayHello(NULL)
#1 {main}
  thrown in /Users/agungjulianperkasa/Library/Mobile Documents/com~apple~CloudDocs/Development/ProgrammerZamanNow/20220420-belahar-php-oop/Data/69_Person.php on line 8
[20-Apr-2022 05:50:52 UTC] PHP Fatal error:  Uncaught TypeError: Person::sayHello(): Argument #1 ($name) must be of type string, null given, called in /Users/agungjulianperkasa/Library/Mobile Documents/com~apple~CloudDocs/Development/ProgrammerZamanNow/20220420-belahar-php-oop/72_Function.php on line 13 and defined in /Users/agungjulianperkasa/Library/Mobile Documents/com~apple~CloudDocs/Development/ProgrammerZamanNow/20220420-belahar-php-oop/Data/69_Person.php:8
Stack trace:
#0 /Users/agungjulianperkasa/Library/Mobile Documents/com~apple~CloudDocs/Development/ProgrammerZamanNow/20220420-belahar-php-oop/72_Function.php(13): Person->sayHello(NULL)
#1 {main}
  thrown in /Users/agungjulianperkasa/Library/Mobile Documents/com~apple~CloudDocs/Development/ProgrammerZamanNow/20220420-belahar-php-oop/Data/69_Person.php on line 8
[20-Apr-2022 05:50:53 UTC] PHP Fatal error:  Uncaught TypeError: Person::sayHello(): Argument #1 ($name) must be of type string, null given, called in /Users/agungjulianperkasa/Library/Mobile Documents/com~apple~CloudDocs/Development/ProgrammerZamanNow/20220420-belahar-php-oop/72_Function.php on line 13 and defined in /Users/agungjulianperkasa/Library/Mobile Documents/com~apple~CloudDocs/Development/ProgrammerZamanNow/20220420-belahar-php-oop/Data/69_Person.php:8
Stack trace:
#0 /Users/agungjulianperkasa/Library/Mobile Documents/com~apple~CloudDocs/Development/ProgrammerZamanNow/20220420-belahar-php-oop/72_Function.php(13): Person->sayHello(NULL)
#1 {main}
  thrown in /Users/agungjulianperkasa/Library/Mobile Documents/com~apple~CloudDocs/Development/ProgrammerZamanNow/20220420-belahar-php-oop/Data/69_Person.php on line 8
[20-Apr-2022 06:06:58 UTC] PHP Fatal error:  Uncaught ArgumentCountError: Too few arguments to function Person::sayHello(), 0 passed in /Users/agungjulianperkasa/Library/Mobile Documents/com~apple~CloudDocs/Development/ProgrammerZamanNow/20220420-belahar-php-oop/76_Construc.php on line 6 and exactly 1 expected in /Users/agungjulianperkasa/Library/Mobile Documents/com~apple~CloudDocs/Development/ProgrammerZamanNow/20220420-belahar-php-oop/Data/69_Person.php:16
Stack trace:
#0 /Users/agungjulianperkasa/Library/Mobile Documents/com~apple~CloudDocs/Development/ProgrammerZamanNow/20220420-belahar-php-oop/76_Construc.php(6): Person->sayHello()
#1 {main}
  thrown in /Users/agungjulianperkasa/Library/Mobile Documents/com~apple~CloudDocs/Development/ProgrammerZamanNow/20220420-belahar-php-oop/Data/69_Person.php on line 16
[20-Apr-2022 06:08:08 UTC] PHP Fatal error:  Uncaught ArgumentCountError: Too few arguments to function Person::sayHello(), 0 passed in /Users/agungjulianperkasa/Library/Mobile Documents/com~apple~CloudDocs/Development/ProgrammerZamanNow/20220420-belahar-php-oop/76_Construc.php on line 6 and exactly 1 expected in /Users/agungjulianperkasa/Library/Mobile Documents/com~apple~CloudDocs/Development/ProgrammerZamanNow/20220420-belahar-php-oop/Data/69_Person.php:16
Stack trace:
#0 /Users/agungjulianperkasa/Library/Mobile Documents/com~apple~CloudDocs/Development/ProgrammerZamanNow/20220420-belahar-php-oop/76_Construc.php(6): Person->sayHello()
#1 {main}
  thrown in /Users/agungjulianperkasa/Library/Mobile Documents/com~apple~CloudDocs/Development/ProgrammerZamanNow/20220420-belahar-php-oop/Data/69_Person.php on line 16
[23-Apr-2022 15:06:08 UTC] PHP Fatal error:  Uncaught Error: Class "Data\parrent" not found in /Users/agungjulianperkasa/Library/Mobile Documents/com~apple~CloudDocs/Development/ProgrammerZamanNow/20220420-belahar-php-oop/Data/Shape.php:21
Stack trace:
#0 /Users/agungjulianperkasa/Library/Mobile Documents/com~apple~CloudDocs/Development/ProgrammerZamanNow/20220420-belahar-php-oop/84_Parrent.php(11): Data\Retangle->getParrentCorner()
#1 {main}
  thrown in /Users/agungjulianperkasa/Library/Mobile Documents/com~apple~CloudDocs/Development/ProgrammerZamanNow/20220420-belahar-php-oop/Data/Shape.php on line 21
[23-Apr-2022 15:06:37 UTC] PHP Parse error:  syntax error, unexpected token "{" in /Users/agungjulianperkasa/Library/Mobile Documents/com~apple~CloudDocs/Development/ProgrammerZamanNow/20220420-belahar-php-oop/Data/Shape.php on line 20
[23-Apr-2022 15:06:40 UTC] PHP Parse error:  syntax error, unexpected token "{" in /Users/agungjulianperkasa/Library/Mobile Documents/com~apple~CloudDocs/Development/ProgrammerZamanNow/20220420-belahar-php-oop/Data/Shape.php on line 20
[23-Apr-2022 15:06:47 UTC] PHP Fatal error:  Uncaught Error: Class "Data\parrent" not found in /Users/agungjulianperkasa/Library/Mobile Documents/com~apple~CloudDocs/Development/ProgrammerZamanNow/20220420-belahar-php-oop/Data/Shape.php:21
Stack trace:
#0 /Users/agungjulianperkasa/Library/Mobile Documents/com~apple~CloudDocs/Development/ProgrammerZamanNow/20220420-belahar-php-oop/84_Parrent.php(11): Data\Retangle->getParrentCorner()
#1 {main}
  thrown in /Users/agungjulianperkasa/Library/Mobile Documents/com~apple~CloudDocs/Development/ProgrammerZamanNow/20220420-belahar-php-oop/Data/Shape.php on line 21
[24-Apr-2022 04:57:16 UTC] PHP Fatal error:  Uncaught ArgumentCountError: Too few arguments to function Manager::__construct(), 0 passed in /Users/agungjulianperkasa/Library/Mobile Documents/com~apple~CloudDocs/Development/ProgrammerZamanNow/20220420-belahar-php-oop/82_FunctionOverriding.php on line 5 and exactly 2 expected in /Users/agungjulianperkasa/Library/Mobile Documents/com~apple~CloudDocs/Development/ProgrammerZamanNow/20220420-belahar-php-oop/Data/Manager.php:8
Stack trace:
#0 /Users/agungjulianperkasa/Library/Mobile Documents/com~apple~CloudDocs/Development/ProgrammerZamanNow/20220420-belahar-php-oop/82_FunctionOverriding.php(5): Manager->__construct()
#1 {main}
  thrown in /Users/agungjulianperkasa/Library/Mobile Documents/com~apple~CloudDocs/Development/ProgrammerZamanNow/20220420-belahar-php-oop/Data/Manager.php on line 8
[24-Apr-2022 06:49:05 UTC] PHP Fatal error:  Class Data\Cat contains 1 abstract method and must therefore be declared abstract or implement the remaining methods (Data\Animal::run) in /Users/agungjulianperkasa/Library/Mobile Documents/com~apple~CloudDocs/Development/ProgrammerZamanNow/20220420-belahar-php-oop/Data/Animal.php on line 14
[24-Apr-2022 07:25:50 UTC] PHP Fatal error:  Uncaught Error: Typed property Data\Category::$name must not be accessed before initialization in /Users/agungjulianperkasa/Library/Mobile Documents/com~apple~CloudDocs/Development/ProgrammerZamanNow/20220420-belahar-php-oop/Data/Category.php:15
Stack trace:
#0 /Users/agungjulianperkasa/Library/Mobile Documents/com~apple~CloudDocs/Development/ProgrammerZamanNow/20220420-belahar-php-oop/89_GetterAndSetter.php(7): Data\Category->getName()
#1 {main}
  thrown in /Users/agungjulianperkasa/Library/Mobile Documents/com~apple~CloudDocs/Development/ProgrammerZamanNow/20220420-belahar-php-oop/Data/Category.php on line 15
[10-May-2022 03:44:08 UTC] PHP Fatal error:  Uncaught PDOException: SQLSTATE[HY000] [2002] Connection refused in /Users/agungjulianperkasa/Library/Mobile Documents/com~apple~CloudDocs/Development/ProgrammerZamanNow/20220415-studi-kasus-php-database-aplikasi-todolist/Config/Database.php:14
Stack trace:
#0 /Users/agungjulianperkasa/Library/Mobile Documents/com~apple~CloudDocs/Development/ProgrammerZamanNow/20220415-studi-kasus-php-database-aplikasi-todolist/Config/Database.php(14): PDO->__construct('mysql:host=loca...', 'root', 'root')
#1 /Users/agungjulianperkasa/Library/Mobile Documents/com~apple~CloudDocs/Development/ProgrammerZamanNow/20220415-studi-kasus-php-database-aplikasi-todolist/App.php(13): Config\Database::getConnection()
#2 {main}
  thrown in /Users/agungjulianperkasa/Library/Mobile Documents/com~apple~CloudDocs/Development/ProgrammerZamanNow/20220415-studi-kasus-php-database-aplikasi-todolist/Config/Database.php on line 14
